
2007-10-16 09:49:00.556 Старт.
2007-10-16 09:49:00.900 вагоны  Путь_4      : Последний вагон пустой; Грузим в него, id=1.
2007-10-16 09:49:00.900 вагоны  Путь_5      : Последний вагон пустой; Грузим в него, id=2.
2007-10-16 09:49:00.900 Автокоманды:
2007-10-16 09:49:00.900 set debug 3
2007-10-16 09:49:00.900 ok
2007-10-16 09:49:00.900 set minteov 180
2007-10-16 09:49:00.900 ok
2007-10-16 09:49:00.900 set eov 1
2007-10-16 09:49:00.900 ok
2007-10-16 09:49:02.743 Клиент: 1736; ip: 127.0.0.1; подключен
2007-10-16 09:49:10.681 Клиент: 1696; ip: 192.168.6.6; подключен
2007-10-16 09:49:49.118 Клиент: 1680; ip: 192.168.6.5; подключен
2007-10-16 09:49:50.009 Клиент: 1680; Запрос: perm
2007-10-16 09:49:50.009 Клиент: 1680; Ответ : 0 Слишком много подключений
2007-10-16 09:49:51.978 Клиент: 1680; ip: 192.168.6.5; отключен
2007-10-16 09:50:00.056 
2007-10-16 09:50:00.056 точка   Конвейер_20 : FP:  0   0.0   0.0 |  0   0.0,  0   0.0,  0   0.0 | 30  16.7
2007-10-16 09:50:00.056 точка   Конвейер_20 : FA:  0   0.0   0.0 |  0   0.0,  0   0.0,  0   0.0 |  1 790.0
2007-10-16 09:50:00.056 точка   Конвейер_20 : [P0 ] ct=0, p= 0.00, a=NULL, diag= простой |
2007-10-16 09:50:00.056 точка   Путь_4      : FP:  0   0.0   0.0 |  0   0.0,  0   0.0,  0   0.0 | 30  11.7
2007-10-16 09:50:00.056 точка   Путь_4      : FA:  0   0.0   0.0 |  0   0.0,  0   0.0,  0   0.0 |  1 730.0
2007-10-16 09:50:00.056 точка   Путь_4      : [P0 ] ct=0, p= 0.00, a=NULL, diag= простой |
2007-10-16 09:50:00.056 точка   Путь_5      : FP:  0   0.0   0.0 |  0   0.0,  0   0.0,  0   0.0 | 30  11.7
2007-10-16 09:50:00.056 точка   Путь_5      : FA:  0   0.0   0.0 |  0   0.0,  0   0.0,  0   0.0 |  1 730.0
2007-10-16 09:50:00.056 точка   Путь_5      : [P0 ] ct=0, p= 0.00, a=NULL, diag= простой |
2007-10-16 09:50:00.056 вагоны  Путь_4      : vnp=0, mp=0, np=0,  прибавляем: 0.000   NULL  0.000
2007-10-16 09:50:00.056 вагоны  Путь_4      : до____: 0.000  0.000  0.000 0 1
2007-10-16 09:50:00.056 вагоны  Путь_4      : ничего не прибавили; vnp = 0.
2007-10-16 09:50:00.056 вагоны  Путь_4      : после_: 0.000  0.000  0.000 0 1
2007-10-16 09:50:00.056 вагоны  Путь_5      : vnp=0, mp=0, np=0,  прибавляем: 0.000   NULL  0.000
2007-10-16 09:50:00.056 вагоны  Путь_5      : до____: 0.000  0.000  0.000 0 1
2007-10-16 09:50:00.056 вагоны  Путь_5      : ничего не прибавили; vnp = 0.
2007-10-16 09:50:00.056 вагоны  Путь_5      : после_: 0.000  0.000  0.000 0 1
2007-10-16 09:50:00.056 маршрут На_банку_1  : 0.000  0.000  0.000  0.000
2007-10-16 09:50:00.056 маршрут На_банку_2  : 0.000  0.000  0.000  0.000
2007-10-16 09:50:00.056 маршрут Из_банки_1  : 0.000  0.000  0.000  0.000
2007-10-16 09:50:00.056 маршрут Из_банки_2  : 0.000  0.000  0.000  0.000
2007-10-16 09:50:00.056 ёмкость Банка_1     :  0.000  0.000  0.000 0 1
2007-10-16 09:50:00.056 ёмкость Банка_2     :  0.000  0.000  0.000 0 1
2007-10-16 09:50:45.009 Клиент: 1696; ip: 192.168.6.6; отключен
2007-10-16 09:50:57.181 Клиент: 1736; ip: 127.0.0.1; отключен
2007-10-16 09:51:00.056 
2007-10-16 09:51:00.056 точка   Конвейер_20 : FP:  0   0.0   0.0 |  0   0.0,  0   0.0,  0   0.0 | 30   0.0
2007-10-16 09:51:00.056 точка   Конвейер_20 : FA:  0   0.0   0.0 |  0   0.0,  0   0.0,  0   0.0 | 30   0.0
2007-10-16 09:51:00.056 точка   Конвейер_20 : [P0 ] ct=0, p=NULL, a=NULL, diag= простой | БДН обрыв | БДЗ обрыв |
2007-10-16 09:51:00.056 точка   Путь_4      : FP:  0   0.0   0.0 |  0   0.0,  0   0.0,  0   0.0 | 30   0.0
2007-10-16 09:51:00.056 точка   Путь_4      : FA:  0   0.0   0.0 |  0   0.0,  0   0.0,  0   0.0 | 30   0.0
2007-10-16 09:51:00.056 точка   Путь_4      : [P0 ] ct=0, p=NULL, a=NULL, diag= простой | БДН обрыв | БДЗ обрыв |
2007-10-16 09:51:00.056 точка   Путь_5      : FP:  0   0.0   0.0 |  0   0.0,  0   0.0,  0   0.0 | 30   0.0
2007-10-16 09:51:00.056 точка   Путь_5      : FA:  0   0.0   0.0 |  0   0.0,  0   0.0,  0   0.0 | 30   0.0
2007-10-16 09:51:00.056 точка   Путь_5      : [P0 ] ct=0, p=NULL, a=NULL, diag= простой | БДН обрыв | БДЗ обрыв |
2007-10-16 09:51:00.056 вагоны  Путь_4      : vnp=0, mp=0, np=0,  прибавляем:  NULL   NULL  0.000
2007-10-16 09:51:00.056 вагоны  Путь_4      : до____: 0.000  0.000  0.000 0 1
2007-10-16 09:51:00.056 вагоны  Путь_4      : ничего не прибавили; vnp = 0.
2007-10-16 09:51:00.056 вагоны  Путь_4      : после_: 0.000  0.000  0.000 0 1
2007-10-16 09:51:00.056 вагоны  Путь_5      : vnp=0, mp=0, np=0,  прибавляем:  NULL   NULL  0.000
2007-10-16 09:51:00.056 вагоны  Путь_5      : до____: 0.000  0.000  0.000 0 1
2007-10-16 09:51:00.056 вагоны  Путь_5      : ничего не прибавили; vnp = 0.
2007-10-16 09:51:00.056 вагоны  Путь_5      : после_: 0.000  0.000  0.000 0 1
2007-10-16 09:51:00.056 маршрут На_банку_1  : 0.000  0.000  0.000  0.000
2007-10-16 09:51:00.056 маршрут На_банку_2  : 0.000  0.000  0.000  0.000
2007-10-16 09:51:00.056 маршрут Из_банки_1  : 0.000  0.000  0.000  0.000
2007-10-16 09:51:00.072 маршрут Из_банки_2  : 0.000  0.000  0.000  0.000
2007-10-16 09:51:00.072 ёмкость Банка_1     :  0.000  0.000  0.000 0 1
2007-10-16 09:51:00.072 ёмкость Банка_2     :  0.000  0.000  0.000 0 1
2007-10-16 09:51:07.837 Стоп.
