
2007-10-17 18:35:19.843 Старт.
2007-10-17 18:35:20.390 вагоны  Путь_4      : Последний вагон пустой; Грузим в него, id=1.
2007-10-17 18:35:20.390 вагоны  Путь_5      : Последний вагон пустой; Грузим в него, id=2.
2007-10-17 18:35:20.406 Автокоманды:
2007-10-17 18:35:20.406 set debug 3
2007-10-17 18:35:20.406 ok
2007-10-17 18:35:20.406 set minteov 180
2007-10-17 18:35:20.406 ok
2007-10-17 18:35:20.406 set eov 1
2007-10-17 18:35:20.406 ok
2007-10-17 18:35:22.406 Клиент: 1736; ip: 127.0.0.1; подключен
2007-10-17 18:36:00.125 Ошибка при исполнении запроса. Sql: update vagons set moment='now', coaltype=0, p=0.0, a=0.0, mp=0, lnFp= 0.000 where id=1
 | Exception: SQL Error:  lock conflict on no wait transaction deadlock update conflicts with concurrent update. Error Code: -901. Unsuccessful execution caused by system error that does not preclude successful execution of subsequent statements The SQL: update vagons set moment='now', coaltype=0, p=0.0, a=0.0, mp=0, lnFp= 0.000 where id=1
; 
2007-10-17 18:36:00.156 
2007-10-17 18:36:00.156 точка   Конвейер_20 : FP:  0   0.0   0.0 |  0   0.0,  0   0.0,  0   0.0 | 20  25.0
2007-10-17 18:36:00.156 точка   Конвейер_20 : FA:  0   0.0   0.0 |  0   0.0,  0   0.0,  0   0.0 |  1 790.0
2007-10-17 18:36:00.156 точка   Конвейер_20 : [P0 ] ct=0, p= 0.00, a=NULL, diag= простой |
2007-10-17 18:36:00.156 точка   Путь_4      : FP:  0   0.0   0.0 |  0   0.0,  0   0.0,  0   0.0 | 20  17.5
2007-10-17 18:36:00.156 точка   Путь_4      : FA:  0   0.0   0.0 |  0   0.0,  0   0.0,  0   0.0 |  1 730.0
2007-10-17 18:36:00.156 точка   Путь_4      : [P0 ] ct=0, p= 0.00, a=NULL, diag= простой |
2007-10-17 18:36:00.156 точка   Путь_5      : FP:  0   0.0   0.0 |  0   0.0,  0   0.0,  0   0.0 | 20  17.5
2007-10-17 18:36:00.156 точка   Путь_5      : FA:  0   0.0   0.0 |  0   0.0,  0   0.0,  0   0.0 |  1 730.0
2007-10-17 18:36:00.156 точка   Путь_5      : [P0 ] ct=0, p= 0.00, a=NULL, diag= простой |
2007-10-17 18:36:00.156 вагоны  Путь_4      : vnp=0, mp=0, np=0,  прибавляем: 0.000   NULL  0.000
2007-10-17 18:36:00.156 вагоны  Путь_4      : до____: 0.000  0.000  0.000 0 1
2007-10-17 18:36:00.156 вагоны  Путь_4      : ничего не прибавили; vnp = 0.
2007-10-17 18:36:00.156 вагоны  Путь_4      : после_: 0.000  0.000  0.000 0 1
2007-10-17 18:36:00.156 вагоны  Путь_5      : vnp=0, mp=0, np=0,  прибавляем: 0.000   NULL  0.000
2007-10-17 18:36:00.156 вагоны  Путь_5      : до____: 0.000  0.000  0.000 0 1
2007-10-17 18:36:00.156 вагоны  Путь_5      : ничего не прибавили; vnp = 0.
2007-10-17 18:36:00.156 вагоны  Путь_5      : после_: 0.000  0.000  0.000 0 1
2007-10-17 18:36:00.156 маршрут На_банку_1  : 0.000  0.000  0.000  0.000
2007-10-17 18:36:00.156 маршрут На_банку_2  : 0.000  0.000  0.000  0.000
2007-10-17 18:36:00.171 маршрут Из_банки_1  : 0.000  0.000  0.000  0.000
2007-10-17 18:36:00.171 маршрут Из_банки_2  : 0.000  0.000  0.000  0.000
2007-10-17 18:36:00.171 ёмкость Банка_1     :  0.000  0.000  0.000 0 1
2007-10-17 18:36:00.171 ёмкость Банка_2     :  0.000  0.000  0.000 0 1
2007-10-17 18:37:00.062 
2007-10-17 18:37:00.062 точка   Конвейер_20 : FP:  0   0.0   0.0 |  0   0.0,  0   0.0,  0   0.0 | 30   0.0
2007-10-17 18:37:00.062 точка   Конвейер_20 : FA:  0   0.0   0.0 |  0   0.0,  0   0.0,  0   0.0 | 30   0.0
2007-10-17 18:37:00.062 точка   Конвейер_20 : [P0 ] ct=0, p=NULL, a=NULL, diag= простой | БДН обрыв | БДЗ обрыв |
2007-10-17 18:37:00.062 точка   Путь_4      : FP:  0   0.0   0.0 |  0   0.0,  0   0.0,  0   0.0 | 30   0.0
2007-10-17 18:37:00.062 точка   Путь_4      : FA:  0   0.0   0.0 |  0   0.0,  0   0.0,  0   0.0 | 30   0.0
2007-10-17 18:37:00.062 точка   Путь_4      : [P0 ] ct=0, p=NULL, a=NULL, diag= простой | БДН обрыв | БДЗ обрыв |
2007-10-17 18:37:00.062 точка   Путь_5      : FP:  0   0.0   0.0 |  0   0.0,  0   0.0,  0   0.0 | 30   0.0
2007-10-17 18:37:00.062 точка   Путь_5      : FA:  0   0.0   0.0 |  0   0.0,  0   0.0,  0   0.0 | 30   0.0
2007-10-17 18:37:00.062 точка   Путь_5      : [P0 ] ct=0, p=NULL, a=NULL, diag= простой | БДН обрыв | БДЗ обрыв |
2007-10-17 18:37:00.062 вагоны  Путь_4      : vnp=0, mp=0, np=0,  прибавляем:  NULL   NULL  0.000
2007-10-17 18:37:00.062 вагоны  Путь_4      : до____: 0.000  0.000  0.000 0 1
2007-10-17 18:37:00.062 вагоны  Путь_4      : ничего не прибавили; vnp = 0.
2007-10-17 18:37:00.062 вагоны  Путь_4      : после_: 0.000  0.000  0.000 0 1
2007-10-17 18:37:00.062 вагоны  Путь_5      : vnp=0, mp=0, np=0,  прибавляем:  NULL   NULL  0.000
2007-10-17 18:37:00.062 вагоны  Путь_5      : до____: 0.000  0.000  0.000 0 1
2007-10-17 18:37:00.062 вагоны  Путь_5      : ничего не прибавили; vnp = 0.
2007-10-17 18:37:00.062 вагоны  Путь_5      : после_: 0.000  0.000  0.000 0 1
2007-10-17 18:37:00.062 маршрут На_банку_1  : 0.000  0.000  0.000  0.000
2007-10-17 18:37:00.062 маршрут На_банку_2  : 0.000  0.000  0.000  0.000
2007-10-17 18:37:00.078 маршрут Из_банки_1  : 0.000  0.000  0.000  0.000
2007-10-17 18:37:00.078 маршрут Из_банки_2  : 0.000  0.000  0.000  0.000
2007-10-17 18:37:00.078 ёмкость Банка_1     :  0.000  0.000  0.000 0 1
2007-10-17 18:37:00.078 ёмкость Банка_2     :  0.000  0.000  0.000 0 1
2007-10-17 18:38:00.062 
2007-10-17 18:38:00.062 точка   Конвейер_20 : FP:  0   0.0   0.0 |  0   0.0,  0   0.0,  0   0.0 | 30   0.0
2007-10-17 18:38:00.062 точка   Конвейер_20 : FA:  0   0.0   0.0 |  0   0.0,  0   0.0,  0   0.0 | 30   0.0
2007-10-17 18:38:00.062 точка   Конвейер_20 : [P0 ] ct=0, p=NULL, a=NULL, diag= простой | БДН обрыв | БДЗ обрыв |
2007-10-17 18:38:00.062 точка   Путь_4      : FP:  0   0.0   0.0 |  0   0.0,  0   0.0,  0   0.0 | 30   0.0
2007-10-17 18:38:00.062 точка   Путь_4      : FA:  0   0.0   0.0 |  0   0.0,  0   0.0,  0   0.0 | 30   0.0
2007-10-17 18:38:00.062 точка   Путь_4      : [P0 ] ct=0, p=NULL, a=NULL, diag= простой | БДН обрыв | БДЗ обрыв |
2007-10-17 18:38:00.062 точка   Путь_5      : FP:  0   0.0   0.0 |  0   0.0,  0   0.0,  0   0.0 | 30   0.0
2007-10-17 18:38:00.062 точка   Путь_5      : FA:  0   0.0   0.0 |  0   0.0,  0   0.0,  0   0.0 | 30   0.0
2007-10-17 18:38:00.062 точка   Путь_5      : [P0 ] ct=0, p=NULL, a=NULL, diag= простой | БДН обрыв | БДЗ обрыв |
2007-10-17 18:38:00.062 вагоны  Путь_4      : vnp=0, mp=0, np=0,  прибавляем:  NULL   NULL  0.000
2007-10-17 18:38:00.062 вагоны  Путь_4      : до____: 0.000  0.000  0.000 0 1
2007-10-17 18:38:00.062 вагоны  Путь_4      : ничего не прибавили; vnp = 0.
2007-10-17 18:38:00.062 вагоны  Путь_4      : после_: 0.000  0.000  0.000 0 1
2007-10-17 18:38:00.062 вагоны  Путь_5      : vnp=0, mp=0, np=0,  прибавляем:  NULL   NULL  0.000
2007-10-17 18:38:00.062 вагоны  Путь_5      : до____: 0.000  0.000  0.000 0 1
2007-10-17 18:38:00.062 вагоны  Путь_5      : ничего не прибавили; vnp = 0.
2007-10-17 18:38:00.062 вагоны  Путь_5      : после_: 0.000  0.000  0.000 0 1
2007-10-17 18:38:00.062 маршрут На_банку_1  : 0.000  0.000  0.000  0.000
2007-10-17 18:38:00.062 маршрут На_банку_2  : 0.000  0.000  0.000  0.000
2007-10-17 18:38:00.062 маршрут Из_банки_1  : 0.000  0.000  0.000  0.000
2007-10-17 18:38:00.062 маршрут Из_банки_2  : 0.000  0.000  0.000  0.000
2007-10-17 18:38:00.062 ёмкость Банка_1     :  0.000  0.000  0.000 0 1
2007-10-17 18:38:00.062 ёмкость Банка_2     :  0.000  0.000  0.000 0 1
2007-10-17 18:39:00.062 
2007-10-17 18:39:00.062 точка   Конвейер_20 : FP:  0   0.0   0.0 |  0   0.0,  0   0.0,  0   0.0 | 30   0.0
2007-10-17 18:39:00.062 точка   Конвейер_20 : FA:  0   0.0   0.0 |  0   0.0,  0   0.0,  0   0.0 | 30   0.0
2007-10-17 18:39:00.062 точка   Конвейер_20 : [P0 ] ct=0, p=NULL, a=NULL, diag= простой | БДН обрыв | БДЗ обрыв |
2007-10-17 18:39:00.062 точка   Путь_4      : FP:  0   0.0   0.0 |  0   0.0,  0   0.0,  0   0.0 | 30   0.0
2007-10-17 18:39:00.062 точка   Путь_4      : FA:  0   0.0   0.0 |  0   0.0,  0   0.0,  0   0.0 | 30   0.0
2007-10-17 18:39:00.062 точка   Путь_4      : [P0 ] ct=0, p=NULL, a=NULL, diag= простой | БДН обрыв | БДЗ обрыв |
2007-10-17 18:39:00.062 точка   Путь_5      : FP:  0   0.0   0.0 |  0   0.0,  0   0.0,  0   0.0 | 30   0.0
2007-10-17 18:39:00.062 точка   Путь_5      : FA:  0   0.0   0.0 |  0   0.0,  0   0.0,  0   0.0 | 30   0.0
2007-10-17 18:39:00.062 точка   Путь_5      : [P0 ] ct=0, p=NULL, a=NULL, diag= простой | БДН обрыв | БДЗ обрыв |
2007-10-17 18:39:00.062 вагоны  Путь_4      : vnp=0, mp=0, np=0,  прибавляем:  NULL   NULL  0.000
2007-10-17 18:39:00.062 вагоны  Путь_4      : до____: 0.000  0.000  0.000 0 1
2007-10-17 18:39:00.062 вагоны  Путь_4      : ничего не прибавили; vnp = 0.
2007-10-17 18:39:00.062 вагоны  Путь_4      : после_: 0.000  0.000  0.000 0 1
2007-10-17 18:39:00.062 вагоны  Путь_5      : vnp=0, mp=0, np=0,  прибавляем:  NULL   NULL  0.000
2007-10-17 18:39:00.062 вагоны  Путь_5      : до____: 0.000  0.000  0.000 0 1
2007-10-17 18:39:00.062 вагоны  Путь_5      : ничего не прибавили; vnp = 0.
2007-10-17 18:39:00.062 вагоны  Путь_5      : после_: 0.000  0.000  0.000 0 1
2007-10-17 18:39:00.062 маршрут На_банку_1  : 0.000  0.000  0.000  0.000
2007-10-17 18:39:00.062 маршрут На_банку_2  : 0.000  0.000  0.000  0.000
2007-10-17 18:39:00.062 маршрут Из_банки_1  : 0.000  0.000  0.000  0.000
2007-10-17 18:39:00.062 маршрут Из_банки_2  : 0.000  0.000  0.000  0.000
2007-10-17 18:39:00.062 ёмкость Банка_1     :  0.000  0.000  0.000 0 1
2007-10-17 18:39:00.062 ёмкость Банка_2     :  0.000  0.000  0.000 0 1
2007-10-17 18:40:00.078 
2007-10-17 18:40:00.078 точка   Конвейер_20 : FP:  0   0.0   0.0 |  0   0.0,  0   0.0,  0   0.0 | 30   0.0
2007-10-17 18:40:00.078 точка   Конвейер_20 : FA:  0   0.0   0.0 |  0   0.0,  0   0.0,  0   0.0 | 30   0.0
2007-10-17 18:40:00.078 точка   Конвейер_20 : [P0 ] ct=0, p=NULL, a=NULL, diag= простой | БДН обрыв | БДЗ обрыв |
2007-10-17 18:40:00.078 точка   Путь_4      : FP:  0   0.0   0.0 |  0   0.0,  0   0.0,  0   0.0 | 30   0.0
2007-10-17 18:40:00.078 точка   Путь_4      : FA:  0   0.0   0.0 |  0   0.0,  0   0.0,  0   0.0 | 30   0.0
2007-10-17 18:40:00.078 точка   Путь_4      : [P0 ] ct=0, p=NULL, a=NULL, diag= простой | БДН обрыв | БДЗ обрыв |
2007-10-17 18:40:00.078 точка   Путь_5      : FP:  0   0.0   0.0 |  0   0.0,  0   0.0,  0   0.0 | 30   0.0
2007-10-17 18:40:00.078 точка   Путь_5      : FA:  0   0.0   0.0 |  0   0.0,  0   0.0,  0   0.0 | 30   0.0
2007-10-17 18:40:00.078 точка   Путь_5      : [P0 ] ct=0, p=NULL, a=NULL, diag= простой | БДН обрыв | БДЗ обрыв |
2007-10-17 18:40:00.078 вагоны  Путь_4      : vnp=0, mp=0, np=0,  прибавляем:  NULL   NULL  0.000
2007-10-17 18:40:00.078 вагоны  Путь_4      : до____: 0.000  0.000  0.000 0 1
2007-10-17 18:40:00.078 вагоны  Путь_4      : ничего не прибавили; vnp = 0.
2007-10-17 18:40:00.078 вагоны  Путь_4      : после_: 0.000  0.000  0.000 0 1
2007-10-17 18:40:00.078 вагоны  Путь_5      : vnp=0, mp=0, np=0,  прибавляем:  NULL   NULL  0.000
2007-10-17 18:40:00.093 вагоны  Путь_5      : до____: 0.000  0.000  0.000 0 1
2007-10-17 18:40:00.093 вагоны  Путь_5      : ничего не прибавили; vnp = 0.
2007-10-17 18:40:00.093 вагоны  Путь_5      : после_: 0.000  0.000  0.000 0 1
2007-10-17 18:40:00.093 маршрут На_банку_1  : 0.000  0.000  0.000  0.000
2007-10-17 18:40:00.093 маршрут На_банку_2  : 0.000  0.000  0.000  0.000
2007-10-17 18:40:00.093 маршрут Из_банки_1  : 0.000  0.000  0.000  0.000
2007-10-17 18:40:00.093 маршрут Из_банки_2  : 0.000  0.000  0.000  0.000
2007-10-17 18:40:00.093 ёмкость Банка_1     :  0.000  0.000  0.000 0 1
2007-10-17 18:40:00.093 ёмкость Банка_2     :  0.000  0.000  0.000 0 1
2007-10-17 18:41:00.062 
2007-10-17 18:41:00.062 точка   Конвейер_20 : FP:  0   0.0   0.0 |  0   0.0,  0   0.0,  0   0.0 | 30   0.0
2007-10-17 18:41:00.062 точка   Конвейер_20 : FA:  0   0.0   0.0 |  0   0.0,  0   0.0,  0   0.0 | 30   0.0
2007-10-17 18:41:00.062 точка   Конвейер_20 : [P0 ] ct=0, p=NULL, a=NULL, diag= простой | БДН обрыв | БДЗ обрыв |
2007-10-17 18:41:00.062 точка   Путь_4      : FP:  0   0.0   0.0 |  0   0.0,  0   0.0,  0   0.0 | 30   0.0
2007-10-17 18:41:00.062 точка   Путь_4      : FA:  0   0.0   0.0 |  0   0.0,  0   0.0,  0   0.0 | 30   0.0
2007-10-17 18:41:00.062 точка   Путь_4      : [P0 ] ct=0, p=NULL, a=NULL, diag= простой | БДН обрыв | БДЗ обрыв |
2007-10-17 18:41:00.062 точка   Путь_5      : FP:  0   0.0   0.0 |  0   0.0,  0   0.0,  0   0.0 | 30   0.0
2007-10-17 18:41:00.062 точка   Путь_5      : FA:  0   0.0   0.0 |  0   0.0,  0   0.0,  0   0.0 | 30   0.0
2007-10-17 18:41:00.062 точка   Путь_5      : [P0 ] ct=0, p=NULL, a=NULL, diag= простой | БДН обрыв | БДЗ обрыв |
2007-10-17 18:41:00.062 вагоны  Путь_4      : vnp=0, mp=0, np=0,  прибавляем:  NULL   NULL  0.000
2007-10-17 18:41:00.062 вагоны  Путь_4      : до____: 0.000  0.000  0.000 0 1
2007-10-17 18:41:00.062 вагоны  Путь_4      : ничего не прибавили; vnp = 0.
2007-10-17 18:41:00.062 вагоны  Путь_4      : после_: 0.000  0.000  0.000 0 1
2007-10-17 18:41:00.062 вагоны  Путь_5      : vnp=0, mp=0, np=0,  прибавляем:  NULL   NULL  0.000
2007-10-17 18:41:00.062 вагоны  Путь_5      : до____: 0.000  0.000  0.000 0 1
2007-10-17 18:41:00.062 вагоны  Путь_5      : ничего не прибавили; vnp = 0.
2007-10-17 18:41:00.062 вагоны  Путь_5      : после_: 0.000  0.000  0.000 0 1
2007-10-17 18:41:00.062 маршрут На_банку_1  : 0.000  0.000  0.000  0.000
2007-10-17 18:41:00.062 маршрут На_банку_2  : 0.000  0.000  0.000  0.000
2007-10-17 18:41:00.062 маршрут Из_банки_1  : 0.000  0.000  0.000  0.000
2007-10-17 18:41:00.062 маршрут Из_банки_2  : 0.000  0.000  0.000  0.000
2007-10-17 18:41:00.078 ёмкость Банка_1     :  0.000  0.000  0.000 0 1
2007-10-17 18:41:00.078 ёмкость Банка_2     :  0.000  0.000  0.000 0 1
2007-10-17 18:42:00.062 
2007-10-17 18:42:00.062 точка   Конвейер_20 : FP:  0   0.0   0.0 |  0   0.0,  0   0.0,  0   0.0 | 30   0.0
2007-10-17 18:42:00.062 точка   Конвейер_20 : FA:  0   0.0   0.0 |  0   0.0,  0   0.0,  0   0.0 | 30   0.0
2007-10-17 18:42:00.062 точка   Конвейер_20 : [P0 ] ct=0, p=NULL, a=NULL, diag= простой | БДН обрыв | БДЗ обрыв |
2007-10-17 18:42:00.062 точка   Путь_4      : FP:  0   0.0   0.0 |  0   0.0,  0   0.0,  0   0.0 | 30   0.0
2007-10-17 18:42:00.062 точка   Путь_4      : FA:  0   0.0   0.0 |  0   0.0,  0   0.0,  0   0.0 | 30   0.0
2007-10-17 18:42:00.062 точка   Путь_4      : [P0 ] ct=0, p=NULL, a=NULL, diag= простой | БДН обрыв | БДЗ обрыв |
2007-10-17 18:42:00.062 точка   Путь_5      : FP:  0   0.0   0.0 |  0   0.0,  0   0.0,  0   0.0 | 30   0.0
2007-10-17 18:42:00.062 точка   Путь_5      : FA:  0   0.0   0.0 |  0   0.0,  0   0.0,  0   0.0 | 30   0.0
2007-10-17 18:42:00.062 точка   Путь_5      : [P0 ] ct=0, p=NULL, a=NULL, diag= простой | БДН обрыв | БДЗ обрыв |
2007-10-17 18:42:00.062 вагоны  Путь_4      : vnp=0, mp=0, np=0,  прибавляем:  NULL   NULL  0.000
2007-10-17 18:42:00.062 вагоны  Путь_4      : до____: 0.000  0.000  0.000 0 1
2007-10-17 18:42:00.062 вагоны  Путь_4      : ничего не прибавили; vnp = 0.
2007-10-17 18:42:00.062 вагоны  Путь_4      : после_: 0.000  0.000  0.000 0 1
2007-10-17 18:42:00.062 вагоны  Путь_5      : vnp=0, mp=0, np=0,  прибавляем:  NULL   NULL  0.000
2007-10-17 18:42:00.062 вагоны  Путь_5      : до____: 0.000  0.000  0.000 0 1
2007-10-17 18:42:00.062 вагоны  Путь_5      : ничего не прибавили; vnp = 0.
2007-10-17 18:42:00.062 вагоны  Путь_5      : после_: 0.000  0.000  0.000 0 1
2007-10-17 18:42:00.062 маршрут На_банку_1  : 0.000  0.000  0.000  0.000
2007-10-17 18:42:00.062 маршрут На_банку_2  : 0.000  0.000  0.000  0.000
2007-10-17 18:42:00.062 маршрут Из_банки_1  : 0.000  0.000  0.000  0.000
2007-10-17 18:42:00.062 маршрут Из_банки_2  : 0.000  0.000  0.000  0.000
2007-10-17 18:42:00.062 ёмкость Банка_1     :  0.000  0.000  0.000 0 1
2007-10-17 18:42:00.062 ёмкость Банка_2     :  0.000  0.000  0.000 0 1
2007-10-17 18:43:00.062 
2007-10-17 18:43:00.062 точка   Конвейер_20 : FP:  0   0.0   0.0 |  0   0.0,  0   0.0,  0   0.0 | 30   0.0
2007-10-17 18:43:00.062 точка   Конвейер_20 : FA:  0   0.0   0.0 |  0   0.0,  0   0.0,  0   0.0 | 30   0.0
2007-10-17 18:43:00.062 точка   Конвейер_20 : [P0 ] ct=0, p=NULL, a=NULL, diag= простой | БДН обрыв | БДЗ обрыв |
2007-10-17 18:43:00.062 точка   Путь_4      : FP:  0   0.0   0.0 |  0   0.0,  0   0.0,  0   0.0 | 30   0.0
2007-10-17 18:43:00.062 точка   Путь_4      : FA:  0   0.0   0.0 |  0   0.0,  0   0.0,  0   0.0 | 30   0.0
2007-10-17 18:43:00.062 точка   Путь_4      : [P0 ] ct=0, p=NULL, a=NULL, diag= простой | БДН обрыв | БДЗ обрыв |
2007-10-17 18:43:00.062 точка   Путь_5      : FP:  0   0.0   0.0 |  0   0.0,  0   0.0,  0   0.0 | 30   0.0
2007-10-17 18:43:00.062 точка   Путь_5      : FA:  0   0.0   0.0 |  0   0.0,  0   0.0,  0   0.0 | 30   0.0
2007-10-17 18:43:00.062 точка   Путь_5      : [P0 ] ct=0, p=NULL, a=NULL, diag= простой | БДН обрыв | БДЗ обрыв |
2007-10-17 18:43:00.062 вагоны  Путь_4      : vnp=0, mp=0, np=0,  прибавляем:  NULL   NULL  0.000
2007-10-17 18:43:00.062 вагоны  Путь_4      : до____: 0.000  0.000  0.000 0 1
2007-10-17 18:43:00.062 вагоны  Путь_4      : ничего не прибавили; vnp = 0.
2007-10-17 18:43:00.062 вагоны  Путь_4      : после_: 0.000  0.000  0.000 0 1
2007-10-17 18:43:00.062 вагоны  Путь_5      : vnp=0, mp=0, np=0,  прибавляем:  NULL   NULL  0.000
2007-10-17 18:43:00.062 вагоны  Путь_5      : до____: 0.000  0.000  0.000 0 1
2007-10-17 18:43:00.062 вагоны  Путь_5      : ничего не прибавили; vnp = 0.
2007-10-17 18:43:00.062 вагоны  Путь_5      : после_: 0.000  0.000  0.000 0 1
2007-10-17 18:43:00.062 маршрут На_банку_1  : 0.000  0.000  0.000  0.000
2007-10-17 18:43:00.062 маршрут На_банку_2  : 0.000  0.000  0.000  0.000
2007-10-17 18:43:00.062 маршрут Из_банки_1  : 0.000  0.000  0.000  0.000
2007-10-17 18:43:00.062 маршрут Из_банки_2  : 0.000  0.000  0.000  0.000
2007-10-17 18:43:00.062 ёмкость Банка_1     :  0.000  0.000  0.000 0 1
2007-10-17 18:43:00.062 ёмкость Банка_2     :  0.000  0.000  0.000 0 1
2007-10-17 18:44:00.062 
2007-10-17 18:44:00.062 точка   Конвейер_20 : FP:  0   0.0   0.0 |  0   0.0,  0   0.0,  0   0.0 | 30   0.0
2007-10-17 18:44:00.062 точка   Конвейер_20 : FA:  0   0.0   0.0 |  0   0.0,  0   0.0,  0   0.0 | 30   0.0
2007-10-17 18:44:00.062 точка   Конвейер_20 : [P0 ] ct=0, p=NULL, a=NULL, diag= простой | БДН обрыв | БДЗ обрыв |
2007-10-17 18:44:00.062 точка   Путь_4      : FP:  0   0.0   0.0 |  0   0.0,  0   0.0,  0   0.0 | 30   0.0
2007-10-17 18:44:00.062 точка   Путь_4      : FA:  0   0.0   0.0 |  0   0.0,  0   0.0,  0   0.0 | 30   0.0
2007-10-17 18:44:00.062 точка   Путь_4      : [P0 ] ct=0, p=NULL, a=NULL, diag= простой | БДН обрыв | БДЗ обрыв |
2007-10-17 18:44:00.062 точка   Путь_5      : FP:  0   0.0   0.0 |  0   0.0,  0   0.0,  0   0.0 | 30   0.0
2007-10-17 18:44:00.062 точка   Путь_5      : FA:  0   0.0   0.0 |  0   0.0,  0   0.0,  0   0.0 | 30   0.0
2007-10-17 18:44:00.062 точка   Путь_5      : [P0 ] ct=0, p=NULL, a=NULL, diag= простой | БДН обрыв | БДЗ обрыв |
2007-10-17 18:44:00.062 вагоны  Путь_4      : vnp=0, mp=0, np=0,  прибавляем:  NULL   NULL  0.000
2007-10-17 18:44:00.062 вагоны  Путь_4      : до____: 0.000  0.000  0.000 0 1
2007-10-17 18:44:00.062 вагоны  Путь_4      : ничего не прибавили; vnp = 0.
2007-10-17 18:44:00.062 вагоны  Путь_4      : после_: 0.000  0.000  0.000 0 1
2007-10-17 18:44:00.062 вагоны  Путь_5      : vnp=0, mp=0, np=0,  прибавляем:  NULL   NULL  0.000
2007-10-17 18:44:00.062 вагоны  Путь_5      : до____: 0.000  0.000  0.000 0 1
2007-10-17 18:44:00.062 вагоны  Путь_5      : ничего не прибавили; vnp = 0.
2007-10-17 18:44:00.062 вагоны  Путь_5      : после_: 0.000  0.000  0.000 0 1
2007-10-17 18:44:00.062 маршрут На_банку_1  : 0.000  0.000  0.000  0.000
2007-10-17 18:44:00.062 маршрут На_банку_2  : 0.000  0.000  0.000  0.000
2007-10-17 18:44:00.062 маршрут Из_банки_1  : 0.000  0.000  0.000  0.000
2007-10-17 18:44:00.062 маршрут Из_банки_2  : 0.000  0.000  0.000  0.000
2007-10-17 18:44:00.062 ёмкость Банка_1     :  0.000  0.000  0.000 0 1
2007-10-17 18:44:00.062 ёмкость Банка_2     :  0.000  0.000  0.000 0 1
2007-10-17 18:45:00.062 
2007-10-17 18:45:00.062 точка   Конвейер_20 : FP:  0   0.0   0.0 |  0   0.0,  0   0.0,  0   0.0 | 30   0.0
2007-10-17 18:45:00.062 точка   Конвейер_20 : FA:  0   0.0   0.0 |  0   0.0,  0   0.0,  0   0.0 | 30   0.0
2007-10-17 18:45:00.062 точка   Конвейер_20 : [P0 ] ct=0, p=NULL, a=NULL, diag= простой | БДН обрыв | БДЗ обрыв |
2007-10-17 18:45:00.062 точка   Путь_4      : FP:  0   0.0   0.0 |  0   0.0,  0   0.0,  0   0.0 | 30   0.0
2007-10-17 18:45:00.078 точка   Путь_4      : FA:  0   0.0   0.0 |  0   0.0,  0   0.0,  0   0.0 | 30   0.0
2007-10-17 18:45:00.078 точка   Путь_4      : [P0 ] ct=0, p=NULL, a=NULL, diag= простой | БДН обрыв | БДЗ обрыв |
2007-10-17 18:45:00.078 точка   Путь_5      : FP:  0   0.0   0.0 |  0   0.0,  0   0.0,  0   0.0 | 30   0.0
2007-10-17 18:45:00.078 точка   Путь_5      : FA:  0   0.0   0.0 |  0   0.0,  0   0.0,  0   0.0 | 30   0.0
2007-10-17 18:45:00.078 точка   Путь_5      : [P0 ] ct=0, p=NULL, a=NULL, diag= простой | БДН обрыв | БДЗ обрыв |
2007-10-17 18:45:00.078 вагоны  Путь_4      : vnp=0, mp=0, np=0,  прибавляем:  NULL   NULL  0.000
2007-10-17 18:45:00.078 вагоны  Путь_4      : до____: 0.000  0.000  0.000 0 1
2007-10-17 18:45:00.078 вагоны  Путь_4      : ничего не прибавили; vnp = 0.
2007-10-17 18:45:00.078 вагоны  Путь_4      : после_: 0.000  0.000  0.000 0 1
2007-10-17 18:45:00.078 вагоны  Путь_5      : vnp=0, mp=0, np=0,  прибавляем:  NULL   NULL  0.000
2007-10-17 18:45:00.078 вагоны  Путь_5      : до____: 0.000  0.000  0.000 0 1
2007-10-17 18:45:00.078 вагоны  Путь_5      : ничего не прибавили; vnp = 0.
2007-10-17 18:45:00.078 вагоны  Путь_5      : после_: 0.000  0.000  0.000 0 1
2007-10-17 18:45:00.078 маршрут На_банку_1  : 0.000  0.000  0.000  0.000
2007-10-17 18:45:00.078 маршрут На_банку_2  : 0.000  0.000  0.000  0.000
2007-10-17 18:45:00.078 маршрут Из_банки_1  : 0.000  0.000  0.000  0.000
2007-10-17 18:45:00.078 маршрут Из_банки_2  : 0.000  0.000  0.000  0.000
2007-10-17 18:45:00.078 ёмкость Банка_1     :  0.000  0.000  0.000 0 1
2007-10-17 18:45:00.078 ёмкость Банка_2     :  0.000  0.000  0.000 0 1
2007-10-17 18:46:00.062 
2007-10-17 18:46:00.062 точка   Конвейер_20 : FP:  0   0.0   0.0 |  0   0.0,  0   0.0,  0   0.0 | 30   0.0
2007-10-17 18:46:00.062 точка   Конвейер_20 : FA:  0   0.0   0.0 |  0   0.0,  0   0.0,  0   0.0 | 30   0.0
2007-10-17 18:46:00.062 точка   Конвейер_20 : [P0 ] ct=0, p=NULL, a=NULL, diag= простой | БДН обрыв | БДЗ обрыв |
2007-10-17 18:46:00.062 точка   Путь_4      : FP:  0   0.0   0.0 |  0   0.0,  0   0.0,  0   0.0 | 30   0.0
2007-10-17 18:46:00.062 точка   Путь_4      : FA:  0   0.0   0.0 |  0   0.0,  0   0.0,  0   0.0 | 30   0.0
2007-10-17 18:46:00.062 точка   Путь_4      : [P0 ] ct=0, p=NULL, a=NULL, diag= простой | БДН обрыв | БДЗ обрыв |
2007-10-17 18:46:00.062 точка   Путь_5      : FP:  0   0.0   0.0 |  0   0.0,  0   0.0,  0   0.0 | 30   0.0
2007-10-17 18:46:00.062 точка   Путь_5      : FA:  0   0.0   0.0 |  0   0.0,  0   0.0,  0   0.0 | 30   0.0
2007-10-17 18:46:00.062 точка   Путь_5      : [P0 ] ct=0, p=NULL, a=NULL, diag= простой | БДН обрыв | БДЗ обрыв |
2007-10-17 18:46:00.062 вагоны  Путь_4      : vnp=0, mp=0, np=0,  прибавляем:  NULL   NULL  0.000
2007-10-17 18:46:00.062 вагоны  Путь_4      : до____: 0.000  0.000  0.000 0 1
2007-10-17 18:46:00.062 вагоны  Путь_4      : ничего не прибавили; vnp = 0.
2007-10-17 18:46:00.062 вагоны  Путь_4      : после_: 0.000  0.000  0.000 0 1
2007-10-17 18:46:00.062 вагоны  Путь_5      : vnp=0, mp=0, np=0,  прибавляем:  NULL   NULL  0.000
2007-10-17 18:46:00.062 вагоны  Путь_5      : до____: 0.000  0.000  0.000 0 1
2007-10-17 18:46:00.062 вагоны  Путь_5      : ничего не прибавили; vnp = 0.
2007-10-17 18:46:00.062 вагоны  Путь_5      : после_: 0.000  0.000  0.000 0 1
2007-10-17 18:46:00.062 маршрут На_банку_1  : 0.000  0.000  0.000  0.000
2007-10-17 18:46:00.062 маршрут На_банку_2  : 0.000  0.000  0.000  0.000
2007-10-17 18:46:00.062 маршрут Из_банки_1  : 0.000  0.000  0.000  0.000
2007-10-17 18:46:00.062 маршрут Из_банки_2  : 0.000  0.000  0.000  0.000
2007-10-17 18:46:00.078 ёмкость Банка_1     :  0.000  0.000  0.000 0 1
2007-10-17 18:46:00.078 ёмкость Банка_2     :  0.000  0.000  0.000 0 1
2007-10-17 18:47:00.062 
2007-10-17 18:47:00.062 точка   Конвейер_20 : FP:  0   0.0   0.0 |  0   0.0,  0   0.0,  0   0.0 | 30   0.0
2007-10-17 18:47:00.062 точка   Конвейер_20 : FA:  0   0.0   0.0 |  0   0.0,  0   0.0,  0   0.0 | 30   0.0
2007-10-17 18:47:00.062 точка   Конвейер_20 : [P0 ] ct=0, p=NULL, a=NULL, diag= простой | БДН обрыв | БДЗ обрыв |
2007-10-17 18:47:00.062 точка   Путь_4      : FP:  0   0.0   0.0 |  0   0.0,  0   0.0,  0   0.0 | 30   0.0
2007-10-17 18:47:00.062 точка   Путь_4      : FA:  0   0.0   0.0 |  0   0.0,  0   0.0,  0   0.0 | 30   0.0
2007-10-17 18:47:00.062 точка   Путь_4      : [P0 ] ct=0, p=NULL, a=NULL, diag= простой | БДН обрыв | БДЗ обрыв |
2007-10-17 18:47:00.062 точка   Путь_5      : FP:  0   0.0   0.0 |  0   0.0,  0   0.0,  0   0.0 | 30   0.0
2007-10-17 18:47:00.062 точка   Путь_5      : FA:  0   0.0   0.0 |  0   0.0,  0   0.0,  0   0.0 | 30   0.0
2007-10-17 18:47:00.062 точка   Путь_5      : [P0 ] ct=0, p=NULL, a=NULL, diag= простой | БДН обрыв | БДЗ обрыв |
2007-10-17 18:47:00.062 вагоны  Путь_4      : vnp=0, mp=0, np=0,  прибавляем:  NULL   NULL  0.000
2007-10-17 18:47:00.062 вагоны  Путь_4      : до____: 0.000  0.000  0.000 0 1
2007-10-17 18:47:00.062 вагоны  Путь_4      : ничего не прибавили; vnp = 0.
2007-10-17 18:47:00.062 вагоны  Путь_4      : после_: 0.000  0.000  0.000 0 1
2007-10-17 18:47:00.062 вагоны  Путь_5      : vnp=0, mp=0, np=0,  прибавляем:  NULL   NULL  0.000
2007-10-17 18:47:00.062 вагоны  Путь_5      : до____: 0.000  0.000  0.000 0 1
2007-10-17 18:47:00.062 вагоны  Путь_5      : ничего не прибавили; vnp = 0.
2007-10-17 18:47:00.062 вагоны  Путь_5      : после_: 0.000  0.000  0.000 0 1
2007-10-17 18:47:00.062 маршрут На_банку_1  : 0.000  0.000  0.000  0.000
2007-10-17 18:47:00.062 маршрут На_банку_2  : 0.000  0.000  0.000  0.000
2007-10-17 18:47:00.078 маршрут Из_банки_1  : 0.000  0.000  0.000  0.000
2007-10-17 18:47:00.078 маршрут Из_банки_2  : 0.000  0.000  0.000  0.000
2007-10-17 18:47:00.078 ёмкость Банка_1     :  0.000  0.000  0.000 0 1
2007-10-17 18:47:00.078 ёмкость Банка_2     :  0.000  0.000  0.000 0 1
2007-10-17 18:48:00.062 
2007-10-17 18:48:00.062 точка   Конвейер_20 : FP:  0   0.0   0.0 |  0   0.0,  0   0.0,  0   0.0 | 30   0.0
2007-10-17 18:48:00.062 точка   Конвейер_20 : FA:  0   0.0   0.0 |  0   0.0,  0   0.0,  0   0.0 | 30   0.0
2007-10-17 18:48:00.062 точка   Конвейер_20 : [P0 ] ct=0, p=NULL, a=NULL, diag= простой | БДН обрыв | БДЗ обрыв |
2007-10-17 18:48:00.062 точка   Путь_4      : FP:  0   0.0   0.0 |  0   0.0,  0   0.0,  0   0.0 | 30   0.0
2007-10-17 18:48:00.062 точка   Путь_4      : FA:  0   0.0   0.0 |  0   0.0,  0   0.0,  0   0.0 | 30   0.0
2007-10-17 18:48:00.062 точка   Путь_4      : [P0 ] ct=0, p=NULL, a=NULL, diag= простой | БДН обрыв | БДЗ обрыв |
2007-10-17 18:48:00.062 точка   Путь_5      : FP:  0   0.0   0.0 |  0   0.0,  0   0.0,  0   0.0 | 30   0.0
2007-10-17 18:48:00.062 точка   Путь_5      : FA:  0   0.0   0.0 |  0   0.0,  0   0.0,  0   0.0 | 30   0.0
2007-10-17 18:48:00.062 точка   Путь_5      : [P0 ] ct=0, p=NULL, a=NULL, diag= простой | БДН обрыв | БДЗ обрыв |
2007-10-17 18:48:00.062 вагоны  Путь_4      : vnp=0, mp=0, np=0,  прибавляем:  NULL   NULL  0.000
2007-10-17 18:48:00.062 вагоны  Путь_4      : до____: 0.000  0.000  0.000 0 1
2007-10-17 18:48:00.062 вагоны  Путь_4      : ничего не прибавили; vnp = 0.
2007-10-17 18:48:00.062 вагоны  Путь_4      : после_: 0.000  0.000  0.000 0 1
2007-10-17 18:48:00.062 вагоны  Путь_5      : vnp=0, mp=0, np=0,  прибавляем:  NULL   NULL  0.000
2007-10-17 18:48:00.062 вагоны  Путь_5      : до____: 0.000  0.000  0.000 0 1
2007-10-17 18:48:00.062 вагоны  Путь_5      : ничего не прибавили; vnp = 0.
2007-10-17 18:48:00.062 вагоны  Путь_5      : после_: 0.000  0.000  0.000 0 1
2007-10-17 18:48:00.062 маршрут На_банку_1  : 0.000  0.000  0.000  0.000
2007-10-17 18:48:00.062 маршрут На_банку_2  : 0.000  0.000  0.000  0.000
2007-10-17 18:48:00.078 маршрут Из_банки_1  : 0.000  0.000  0.000  0.000
2007-10-17 18:48:00.078 маршрут Из_банки_2  : 0.000  0.000  0.000  0.000
2007-10-17 18:48:00.078 ёмкость Банка_1     :  0.000  0.000  0.000 0 1
2007-10-17 18:48:00.078 ёмкость Банка_2     :  0.000  0.000  0.000 0 1
2007-10-17 18:49:00.062 
2007-10-17 18:49:00.062 точка   Конвейер_20 : FP:  0   0.0   0.0 |  0   0.0,  0   0.0,  0   0.0 | 30   0.0
2007-10-17 18:49:00.062 точка   Конвейер_20 : FA:  0   0.0   0.0 |  0   0.0,  0   0.0,  0   0.0 | 30   0.0
2007-10-17 18:49:00.062 точка   Конвейер_20 : [P0 ] ct=0, p=NULL, a=NULL, diag= простой | БДН обрыв | БДЗ обрыв |
2007-10-17 18:49:00.062 точка   Путь_4      : FP:  0   0.0   0.0 |  0   0.0,  0   0.0,  0   0.0 | 30   0.0
2007-10-17 18:49:00.062 точка   Путь_4      : FA:  0   0.0   0.0 |  0   0.0,  0   0.0,  0   0.0 | 30   0.0
2007-10-17 18:49:00.062 точка   Путь_4      : [P0 ] ct=0, p=NULL, a=NULL, diag= простой | БДН обрыв | БДЗ обрыв |
2007-10-17 18:49:00.062 точка   Путь_5      : FP:  0   0.0   0.0 |  0   0.0,  0   0.0,  0   0.0 | 30   0.0
2007-10-17 18:49:00.062 точка   Путь_5      : FA:  0   0.0   0.0 |  0   0.0,  0   0.0,  0   0.0 | 30   0.0
2007-10-17 18:49:00.062 точка   Путь_5      : [P0 ] ct=0, p=NULL, a=NULL, diag= простой | БДН обрыв | БДЗ обрыв |
2007-10-17 18:49:00.062 вагоны  Путь_4      : vnp=0, mp=0, np=0,  прибавляем:  NULL   NULL  0.000
2007-10-17 18:49:00.062 вагоны  Путь_4      : до____: 0.000  0.000  0.000 0 1
2007-10-17 18:49:00.062 вагоны  Путь_4      : ничего не прибавили; vnp = 0.
2007-10-17 18:49:00.062 вагоны  Путь_4      : после_: 0.000  0.000  0.000 0 1
2007-10-17 18:49:00.062 вагоны  Путь_5      : vnp=0, mp=0, np=0,  прибавляем:  NULL   NULL  0.000
2007-10-17 18:49:00.062 вагоны  Путь_5      : до____: 0.000  0.000  0.000 0 1
2007-10-17 18:49:00.062 вагоны  Путь_5      : ничего не прибавили; vnp = 0.
2007-10-17 18:49:00.062 вагоны  Путь_5      : после_: 0.000  0.000  0.000 0 1
2007-10-17 18:49:00.062 маршрут На_банку_1  : 0.000  0.000  0.000  0.000
2007-10-17 18:49:00.062 маршрут На_банку_2  : 0.000  0.000  0.000  0.000
2007-10-17 18:49:00.078 маршрут Из_банки_1  : 0.000  0.000  0.000  0.000
2007-10-17 18:49:00.078 маршрут Из_банки_2  : 0.000  0.000  0.000  0.000
2007-10-17 18:49:00.078 ёмкость Банка_1     :  0.000  0.000  0.000 0 1
2007-10-17 18:49:00.078 ёмкость Банка_2     :  0.000  0.000  0.000 0 1
2007-10-17 18:50:00.062 
2007-10-17 18:50:00.062 точка   Конвейер_20 : FP:  0   0.0   0.0 |  0   0.0,  0   0.0,  0   0.0 | 30   0.0
2007-10-17 18:50:00.062 точка   Конвейер_20 : FA:  0   0.0   0.0 |  0   0.0,  0   0.0,  0   0.0 | 30   0.0
2007-10-17 18:50:00.062 точка   Конвейер_20 : [P0 ] ct=0, p=NULL, a=NULL, diag= простой | БДН обрыв | БДЗ обрыв |
2007-10-17 18:50:00.062 точка   Путь_4      : FP:  0   0.0   0.0 |  0   0.0,  0   0.0,  0   0.0 | 30   0.0
2007-10-17 18:50:00.062 точка   Путь_4      : FA:  0   0.0   0.0 |  0   0.0,  0   0.0,  0   0.0 | 30   0.0
2007-10-17 18:50:00.078 точка   Путь_4      : [P0 ] ct=0, p=NULL, a=NULL, diag= простой | БДН обрыв | БДЗ обрыв |
2007-10-17 18:50:00.078 точка   Путь_5      : FP:  0   0.0   0.0 |  0   0.0,  0   0.0,  0   0.0 | 30   0.0
2007-10-17 18:50:00.078 точка   Путь_5      : FA:  0   0.0   0.0 |  0   0.0,  0   0.0,  0   0.0 | 30   0.0
2007-10-17 18:50:00.078 точка   Путь_5      : [P0 ] ct=0, p=NULL, a=NULL, diag= простой | БДН обрыв | БДЗ обрыв |
2007-10-17 18:50:00.078 вагоны  Путь_4      : vnp=0, mp=0, np=0,  прибавляем:  NULL   NULL  0.000
2007-10-17 18:50:00.078 вагоны  Путь_4      : до____: 0.000  0.000  0.000 0 1
2007-10-17 18:50:00.078 вагоны  Путь_4      : ничего не прибавили; vnp = 0.
2007-10-17 18:50:00.078 вагоны  Путь_4      : после_: 0.000  0.000  0.000 0 1
2007-10-17 18:50:00.078 вагоны  Путь_5      : vnp=0, mp=0, np=0,  прибавляем:  NULL   NULL  0.000
2007-10-17 18:50:00.078 вагоны  Путь_5      : до____: 0.000  0.000  0.000 0 1
2007-10-17 18:50:00.078 вагоны  Путь_5      : ничего не прибавили; vnp = 0.
2007-10-17 18:50:00.078 вагоны  Путь_5      : после_: 0.000  0.000  0.000 0 1
2007-10-17 18:50:00.078 маршрут На_банку_1  : 0.000  0.000  0.000  0.000
2007-10-17 18:50:00.078 маршрут На_банку_2  : 0.000  0.000  0.000  0.000
2007-10-17 18:50:00.078 маршрут Из_банки_1  : 0.000  0.000  0.000  0.000
2007-10-17 18:50:00.078 маршрут Из_банки_2  : 0.000  0.000  0.000  0.000
2007-10-17 18:50:00.078 ёмкость Банка_1     :  0.000  0.000  0.000 0 1
2007-10-17 18:50:00.078 ёмкость Банка_2     :  0.000  0.000  0.000 0 1
2007-10-17 18:51:00.062 
2007-10-17 18:51:00.062 точка   Конвейер_20 : FP:  0   0.0   0.0 |  0   0.0,  0   0.0,  0   0.0 | 30   0.0
2007-10-17 18:51:00.062 точка   Конвейер_20 : FA:  0   0.0   0.0 |  0   0.0,  0   0.0,  0   0.0 | 30   0.0
2007-10-17 18:51:00.062 точка   Конвейер_20 : [P0 ] ct=0, p=NULL, a=NULL, diag= простой | БДН обрыв | БДЗ обрыв |
2007-10-17 18:51:00.062 точка   Путь_4      : FP:  0   0.0   0.0 |  0   0.0,  0   0.0,  0   0.0 | 30   0.0
2007-10-17 18:51:00.062 точка   Путь_4      : FA:  0   0.0   0.0 |  0   0.0,  0   0.0,  0   0.0 | 30   0.0
2007-10-17 18:51:00.062 точка   Путь_4      : [P0 ] ct=0, p=NULL, a=NULL, diag= простой | БДН обрыв | БДЗ обрыв |
2007-10-17 18:51:00.062 точка   Путь_5      : FP:  0   0.0   0.0 |  0   0.0,  0   0.0,  0   0.0 | 30   0.0
2007-10-17 18:51:00.062 точка   Путь_5      : FA:  0   0.0   0.0 |  0   0.0,  0   0.0,  0   0.0 | 30   0.0
2007-10-17 18:51:00.062 точка   Путь_5      : [P0 ] ct=0, p=NULL, a=NULL, diag= простой | БДН обрыв | БДЗ обрыв |
2007-10-17 18:51:00.062 вагоны  Путь_4      : vnp=0, mp=0, np=0,  прибавляем:  NULL   NULL  0.000
2007-10-17 18:51:00.062 вагоны  Путь_4      : до____: 0.000  0.000  0.000 0 1
2007-10-17 18:51:00.062 вагоны  Путь_4      : ничего не прибавили; vnp = 0.
2007-10-17 18:51:00.062 вагоны  Путь_4      : после_: 0.000  0.000  0.000 0 1
2007-10-17 18:51:00.062 вагоны  Путь_5      : vnp=0, mp=0, np=0,  прибавляем:  NULL   NULL  0.000
2007-10-17 18:51:00.062 вагоны  Путь_5      : до____: 0.000  0.000  0.000 0 1
2007-10-17 18:51:00.062 вагоны  Путь_5      : ничего не прибавили; vnp = 0.
2007-10-17 18:51:00.062 вагоны  Путь_5      : после_: 0.000  0.000  0.000 0 1
2007-10-17 18:51:00.062 маршрут На_банку_1  : 0.000  0.000  0.000  0.000
2007-10-17 18:51:00.078 маршрут На_банку_2  : 0.000  0.000  0.000  0.000
2007-10-17 18:51:00.078 маршрут Из_банки_1  : 0.000  0.000  0.000  0.000
2007-10-17 18:51:00.078 маршрут Из_банки_2  : 0.000  0.000  0.000  0.000
2007-10-17 18:51:00.078 ёмкость Банка_1     :  0.000  0.000  0.000 0 1
2007-10-17 18:51:00.078 ёмкость Банка_2     :  0.000  0.000  0.000 0 1
2007-10-17 18:52:00.062 
2007-10-17 18:52:00.062 точка   Конвейер_20 : FP:  0   0.0   0.0 |  0   0.0,  0   0.0,  0   0.0 | 30   0.0
2007-10-17 18:52:00.062 точка   Конвейер_20 : FA:  0   0.0   0.0 |  0   0.0,  0   0.0,  0   0.0 | 30   0.0
2007-10-17 18:52:00.062 точка   Конвейер_20 : [P0 ] ct=0, p=NULL, a=NULL, diag= простой | БДН обрыв | БДЗ обрыв |
2007-10-17 18:52:00.062 точка   Путь_4      : FP:  0   0.0   0.0 |  0   0.0,  0   0.0,  0   0.0 | 30   0.0
2007-10-17 18:52:00.062 точка   Путь_4      : FA:  0   0.0   0.0 |  0   0.0,  0   0.0,  0   0.0 | 30   0.0
2007-10-17 18:52:00.062 точка   Путь_4      : [P0 ] ct=0, p=NULL, a=NULL, diag= простой | БДН обрыв | БДЗ обрыв |
2007-10-17 18:52:00.062 точка   Путь_5      : FP:  0   0.0   0.0 |  0   0.0,  0   0.0,  0   0.0 | 30   0.0
2007-10-17 18:52:00.062 точка   Путь_5      : FA:  0   0.0   0.0 |  0   0.0,  0   0.0,  0   0.0 | 30   0.0
2007-10-17 18:52:00.062 точка   Путь_5      : [P0 ] ct=0, p=NULL, a=NULL, diag= простой | БДН обрыв | БДЗ обрыв |
2007-10-17 18:52:00.062 вагоны  Путь_4      : vnp=0, mp=0, np=0,  прибавляем:  NULL   NULL  0.000
2007-10-17 18:52:00.062 вагоны  Путь_4      : до____: 0.000  0.000  0.000 0 1
2007-10-17 18:52:00.062 вагоны  Путь_4      : ничего не прибавили; vnp = 0.
2007-10-17 18:52:00.062 вагоны  Путь_4      : после_: 0.000  0.000  0.000 0 1
2007-10-17 18:52:00.062 вагоны  Путь_5      : vnp=0, mp=0, np=0,  прибавляем:  NULL   NULL  0.000
2007-10-17 18:52:00.062 вагоны  Путь_5      : до____: 0.000  0.000  0.000 0 1
2007-10-17 18:52:00.062 вагоны  Путь_5      : ничего не прибавили; vnp = 0.
2007-10-17 18:52:00.062 вагоны  Путь_5      : после_: 0.000  0.000  0.000 0 1
2007-10-17 18:52:00.062 маршрут На_банку_1  : 0.000  0.000  0.000  0.000
2007-10-17 18:52:00.062 маршрут На_банку_2  : 0.000  0.000  0.000  0.000
2007-10-17 18:52:00.078 маршрут Из_банки_1  : 0.000  0.000  0.000  0.000
2007-10-17 18:52:00.078 маршрут Из_банки_2  : 0.000  0.000  0.000  0.000
2007-10-17 18:52:00.078 ёмкость Банка_1     :  0.000  0.000  0.000 0 1
2007-10-17 18:52:00.078 ёмкость Банка_2     :  0.000  0.000  0.000 0 1
2007-10-17 18:53:00.062 
2007-10-17 18:53:00.062 точка   Конвейер_20 : FP:  0   0.0   0.0 |  0   0.0,  0   0.0,  0   0.0 | 30   0.0
2007-10-17 18:53:00.062 точка   Конвейер_20 : FA:  0   0.0   0.0 |  0   0.0,  0   0.0,  0   0.0 | 30   0.0
2007-10-17 18:53:00.062 точка   Конвейер_20 : [P0 ] ct=0, p=NULL, a=NULL, diag= простой | БДН обрыв | БДЗ обрыв |
2007-10-17 18:53:00.062 точка   Путь_4      : FP:  0   0.0   0.0 |  0   0.0,  0   0.0,  0   0.0 | 30   0.0
2007-10-17 18:53:00.062 точка   Путь_4      : FA:  0   0.0   0.0 |  0   0.0,  0   0.0,  0   0.0 | 30   0.0
2007-10-17 18:53:00.062 точка   Путь_4      : [P0 ] ct=0, p=NULL, a=NULL, diag= простой | БДН обрыв | БДЗ обрыв |
2007-10-17 18:53:00.062 точка   Путь_5      : FP:  0   0.0   0.0 |  0   0.0,  0   0.0,  0   0.0 | 30   0.0
2007-10-17 18:53:00.062 точка   Путь_5      : FA:  0   0.0   0.0 |  0   0.0,  0   0.0,  0   0.0 | 30   0.0
2007-10-17 18:53:00.062 точка   Путь_5      : [P0 ] ct=0, p=NULL, a=NULL, diag= простой | БДН обрыв | БДЗ обрыв |
2007-10-17 18:53:00.062 вагоны  Путь_4      : vnp=0, mp=0, np=0,  прибавляем:  NULL   NULL  0.000
2007-10-17 18:53:00.078 вагоны  Путь_4      : до____: 0.000  0.000  0.000 0 1
2007-10-17 18:53:00.078 вагоны  Путь_4      : ничего не прибавили; vnp = 0.
2007-10-17 18:53:00.078 вагоны  Путь_4      : после_: 0.000  0.000  0.000 0 1
2007-10-17 18:53:00.078 вагоны  Путь_5      : vnp=0, mp=0, np=0,  прибавляем:  NULL   NULL  0.000
2007-10-17 18:53:00.078 вагоны  Путь_5      : до____: 0.000  0.000  0.000 0 1
2007-10-17 18:53:00.078 вагоны  Путь_5      : ничего не прибавили; vnp = 0.
2007-10-17 18:53:00.078 вагоны  Путь_5      : после_: 0.000  0.000  0.000 0 1
2007-10-17 18:53:00.078 маршрут На_банку_1  : 0.000  0.000  0.000  0.000
2007-10-17 18:53:00.078 маршрут На_банку_2  : 0.000  0.000  0.000  0.000
2007-10-17 18:53:00.078 маршрут Из_банки_1  : 0.000  0.000  0.000  0.000
2007-10-17 18:53:00.078 маршрут Из_банки_2  : 0.000  0.000  0.000  0.000
2007-10-17 18:53:00.078 ёмкость Банка_1     :  0.000  0.000  0.000 0 1
2007-10-17 18:53:00.078 ёмкость Банка_2     :  0.000  0.000  0.000 0 1
2007-10-17 18:54:00.062 
2007-10-17 18:54:00.062 точка   Конвейер_20 : FP:  0   0.0   0.0 |  0   0.0,  0   0.0,  0   0.0 | 30   0.0
2007-10-17 18:54:00.062 точка   Конвейер_20 : FA:  0   0.0   0.0 |  0   0.0,  0   0.0,  0   0.0 | 30   0.0
2007-10-17 18:54:00.062 точка   Конвейер_20 : [P0 ] ct=0, p=NULL, a=NULL, diag= простой | БДН обрыв | БДЗ обрыв |
2007-10-17 18:54:00.062 точка   Путь_4      : FP:  0   0.0   0.0 |  0   0.0,  0   0.0,  0   0.0 | 30   0.0
2007-10-17 18:54:00.062 точка   Путь_4      : FA:  0   0.0   0.0 |  0   0.0,  0   0.0,  0   0.0 | 30   0.0
2007-10-17 18:54:00.062 точка   Путь_4      : [P0 ] ct=0, p=NULL, a=NULL, diag= простой | БДН обрыв | БДЗ обрыв |
2007-10-17 18:54:00.062 точка   Путь_5      : FP:  0   0.0   0.0 |  0   0.0,  0   0.0,  0   0.0 | 30   0.0
2007-10-17 18:54:00.062 точка   Путь_5      : FA:  0   0.0   0.0 |  0   0.0,  0   0.0,  0   0.0 | 30   0.0
2007-10-17 18:54:00.062 точка   Путь_5      : [P0 ] ct=0, p=NULL, a=NULL, diag= простой | БДН обрыв | БДЗ обрыв |
2007-10-17 18:54:00.062 вагоны  Путь_4      : vnp=0, mp=0, np=0,  прибавляем:  NULL   NULL  0.000
2007-10-17 18:54:00.062 вагоны  Путь_4      : до____: 0.000  0.000  0.000 0 1
2007-10-17 18:54:00.062 вагоны  Путь_4      : ничего не прибавили; vnp = 0.
2007-10-17 18:54:00.062 вагоны  Путь_4      : после_: 0.000  0.000  0.000 0 1
2007-10-17 18:54:00.062 вагоны  Путь_5      : vnp=0, mp=0, np=0,  прибавляем:  NULL   NULL  0.000
2007-10-17 18:54:00.062 вагоны  Путь_5      : до____: 0.000  0.000  0.000 0 1
2007-10-17 18:54:00.062 вагоны  Путь_5      : ничего не прибавили; vnp = 0.
2007-10-17 18:54:00.062 вагоны  Путь_5      : после_: 0.000  0.000  0.000 0 1
2007-10-17 18:54:00.078 маршрут На_банку_1  : 0.000  0.000  0.000  0.000
2007-10-17 18:54:00.078 маршрут На_банку_2  : 0.000  0.000  0.000  0.000
2007-10-17 18:54:00.078 маршрут Из_банки_1  : 0.000  0.000  0.000  0.000
2007-10-17 18:54:00.078 маршрут Из_банки_2  : 0.000  0.000  0.000  0.000
2007-10-17 18:54:00.078 ёмкость Банка_1     :  0.000  0.000  0.000 0 1
2007-10-17 18:54:00.078 ёмкость Банка_2     :  0.000  0.000  0.000 0 1
2007-10-17 18:55:00.062 
2007-10-17 18:55:00.062 точка   Конвейер_20 : FP:  0   0.0   0.0 |  0   0.0,  0   0.0,  0   0.0 | 30   0.0
2007-10-17 18:55:00.062 точка   Конвейер_20 : FA:  0   0.0   0.0 |  0   0.0,  0   0.0,  0   0.0 | 30   0.0
2007-10-17 18:55:00.062 точка   Конвейер_20 : [P0 ] ct=0, p=NULL, a=NULL, diag= простой | БДН обрыв | БДЗ обрыв |
2007-10-17 18:55:00.062 точка   Путь_4      : FP:  0   0.0   0.0 |  0   0.0,  0   0.0,  0   0.0 | 30   0.0
2007-10-17 18:55:00.062 точка   Путь_4      : FA:  0   0.0   0.0 |  0   0.0,  0   0.0,  0   0.0 | 30   0.0
2007-10-17 18:55:00.062 точка   Путь_4      : [P0 ] ct=0, p=NULL, a=NULL, diag= простой | БДН обрыв | БДЗ обрыв |
2007-10-17 18:55:00.062 точка   Путь_5      : FP:  0   0.0   0.0 |  0   0.0,  0   0.0,  0   0.0 | 30   0.0
2007-10-17 18:55:00.062 точка   Путь_5      : FA:  0   0.0   0.0 |  0   0.0,  0   0.0,  0   0.0 | 30   0.0
2007-10-17 18:55:00.062 точка   Путь_5      : [P0 ] ct=0, p=NULL, a=NULL, diag= простой | БДН обрыв | БДЗ обрыв |
2007-10-17 18:55:00.078 вагоны  Путь_4      : vnp=0, mp=0, np=0,  прибавляем:  NULL   NULL  0.000
2007-10-17 18:55:00.078 вагоны  Путь_4      : до____: 0.000  0.000  0.000 0 1
2007-10-17 18:55:00.078 вагоны  Путь_4      : ничего не прибавили; vnp = 0.
2007-10-17 18:55:00.078 вагоны  Путь_4      : после_: 0.000  0.000  0.000 0 1
2007-10-17 18:55:00.078 вагоны  Путь_5      : vnp=0, mp=0, np=0,  прибавляем:  NULL   NULL  0.000
2007-10-17 18:55:00.078 вагоны  Путь_5      : до____: 0.000  0.000  0.000 0 1
2007-10-17 18:55:00.078 вагоны  Путь_5      : ничего не прибавили; vnp = 0.
2007-10-17 18:55:00.078 вагоны  Путь_5      : после_: 0.000  0.000  0.000 0 1
2007-10-17 18:55:00.078 маршрут На_банку_1  : 0.000  0.000  0.000  0.000
2007-10-17 18:55:00.078 маршрут На_банку_2  : 0.000  0.000  0.000  0.000
2007-10-17 18:55:00.078 маршрут Из_банки_1  : 0.000  0.000  0.000  0.000
2007-10-17 18:55:00.078 маршрут Из_банки_2  : 0.000  0.000  0.000  0.000
2007-10-17 18:55:00.078 ёмкость Банка_1     :  0.000  0.000  0.000 0 1
2007-10-17 18:55:00.078 ёмкость Банка_2     :  0.000  0.000  0.000 0 1
2007-10-17 18:56:00.062 
2007-10-17 18:56:00.062 точка   Конвейер_20 : FP:  0   0.0   0.0 |  0   0.0,  0   0.0,  0   0.0 | 30   0.0
2007-10-17 18:56:00.062 точка   Конвейер_20 : FA:  0   0.0   0.0 |  0   0.0,  0   0.0,  0   0.0 | 30   0.0
2007-10-17 18:56:00.062 точка   Конвейер_20 : [P0 ] ct=0, p=NULL, a=NULL, diag= простой | БДН обрыв | БДЗ обрыв |
2007-10-17 18:56:00.062 точка   Путь_4      : FP:  0   0.0   0.0 |  0   0.0,  0   0.0,  0   0.0 | 30   0.0
2007-10-17 18:56:00.062 точка   Путь_4      : FA:  0   0.0   0.0 |  0   0.0,  0   0.0,  0   0.0 | 30   0.0
2007-10-17 18:56:00.062 точка   Путь_4      : [P0 ] ct=0, p=NULL, a=NULL, diag= простой | БДН обрыв | БДЗ обрыв |
2007-10-17 18:56:00.062 точка   Путь_5      : FP:  0   0.0   0.0 |  0   0.0,  0   0.0,  0   0.0 | 30   0.0
2007-10-17 18:56:00.062 точка   Путь_5      : FA:  0   0.0   0.0 |  0   0.0,  0   0.0,  0   0.0 | 30   0.0
2007-10-17 18:56:00.062 точка   Путь_5      : [P0 ] ct=0, p=NULL, a=NULL, diag= простой | БДН обрыв | БДЗ обрыв |
2007-10-17 18:56:00.062 вагоны  Путь_4      : vnp=0, mp=0, np=0,  прибавляем:  NULL   NULL  0.000
2007-10-17 18:56:00.062 вагоны  Путь_4      : до____: 0.000  0.000  0.000 0 1
2007-10-17 18:56:00.062 вагоны  Путь_4      : ничего не прибавили; vnp = 0.
2007-10-17 18:56:00.062 вагоны  Путь_4      : после_: 0.000  0.000  0.000 0 1
2007-10-17 18:56:00.062 вагоны  Путь_5      : vnp=0, mp=0, np=0,  прибавляем:  NULL   NULL  0.000
2007-10-17 18:56:00.062 вагоны  Путь_5      : до____: 0.000  0.000  0.000 0 1
2007-10-17 18:56:00.062 вагоны  Путь_5      : ничего не прибавили; vnp = 0.
2007-10-17 18:56:00.062 вагоны  Путь_5      : после_: 0.000  0.000  0.000 0 1
2007-10-17 18:56:00.062 маршрут На_банку_1  : 0.000  0.000  0.000  0.000
2007-10-17 18:56:00.062 маршрут На_банку_2  : 0.000  0.000  0.000  0.000
2007-10-17 18:56:00.078 маршрут Из_банки_1  : 0.000  0.000  0.000  0.000
2007-10-17 18:56:00.078 маршрут Из_банки_2  : 0.000  0.000  0.000  0.000
2007-10-17 18:56:00.078 ёмкость Банка_1     :  0.000  0.000  0.000 0 1
2007-10-17 18:56:00.078 ёмкость Банка_2     :  0.000  0.000  0.000 0 1
2007-10-17 18:57:00.062 
2007-10-17 18:57:00.062 точка   Конвейер_20 : FP:  0   0.0   0.0 |  0   0.0,  0   0.0,  0   0.0 | 30   0.0
2007-10-17 18:57:00.062 точка   Конвейер_20 : FA:  0   0.0   0.0 |  0   0.0,  0   0.0,  0   0.0 | 30   0.0
2007-10-17 18:57:00.062 точка   Конвейер_20 : [P0 ] ct=0, p=NULL, a=NULL, diag= простой | БДН обрыв | БДЗ обрыв |
2007-10-17 18:57:00.062 точка   Путь_4      : FP:  0   0.0   0.0 |  0   0.0,  0   0.0,  0   0.0 | 30   0.0
2007-10-17 18:57:00.062 точка   Путь_4      : FA:  0   0.0   0.0 |  0   0.0,  0   0.0,  0   0.0 | 30   0.0
2007-10-17 18:57:00.062 точка   Путь_4      : [P0 ] ct=0, p=NULL, a=NULL, diag= простой | БДН обрыв | БДЗ обрыв |
2007-10-17 18:57:00.062 точка   Путь_5      : FP:  0   0.0   0.0 |  0   0.0,  0   0.0,  0   0.0 | 30   0.0
2007-10-17 18:57:00.062 точка   Путь_5      : FA:  0   0.0   0.0 |  0   0.0,  0   0.0,  0   0.0 | 30   0.0
2007-10-17 18:57:00.062 точка   Путь_5      : [P0 ] ct=0, p=NULL, a=NULL, diag= простой | БДН обрыв | БДЗ обрыв |
2007-10-17 18:57:00.062 вагоны  Путь_4      : vnp=0, mp=0, np=0,  прибавляем:  NULL   NULL  0.000
2007-10-17 18:57:00.062 вагоны  Путь_4      : до____: 0.000  0.000  0.000 0 1
2007-10-17 18:57:00.062 вагоны  Путь_4      : ничего не прибавили; vnp = 0.
2007-10-17 18:57:00.062 вагоны  Путь_4      : после_: 0.000  0.000  0.000 0 1
2007-10-17 18:57:00.062 вагоны  Путь_5      : vnp=0, mp=0, np=0,  прибавляем:  NULL   NULL  0.000
2007-10-17 18:57:00.062 вагоны  Путь_5      : до____: 0.000  0.000  0.000 0 1
2007-10-17 18:57:00.062 вагоны  Путь_5      : ничего не прибавили; vnp = 0.
2007-10-17 18:57:00.062 вагоны  Путь_5      : после_: 0.000  0.000  0.000 0 1
2007-10-17 18:57:00.078 маршрут На_банку_1  : 0.000  0.000  0.000  0.000
2007-10-17 18:57:00.078 маршрут На_банку_2  : 0.000  0.000  0.000  0.000
2007-10-17 18:57:00.078 маршрут Из_банки_1  : 0.000  0.000  0.000  0.000
2007-10-17 18:57:00.078 маршрут Из_банки_2  : 0.000  0.000  0.000  0.000
2007-10-17 18:57:00.078 ёмкость Банка_1     :  0.000  0.000  0.000 0 1
2007-10-17 18:57:00.078 ёмкость Банка_2     :  0.000  0.000  0.000 0 1
2007-10-17 18:58:00.062 
2007-10-17 18:58:00.062 точка   Конвейер_20 : FP:  0   0.0   0.0 |  0   0.0,  0   0.0,  0   0.0 | 30   0.0
2007-10-17 18:58:00.062 точка   Конвейер_20 : FA:  0   0.0   0.0 |  0   0.0,  0   0.0,  0   0.0 | 30   0.0
2007-10-17 18:58:00.062 точка   Конвейер_20 : [P0 ] ct=0, p=NULL, a=NULL, diag= простой | БДН обрыв | БДЗ обрыв |
2007-10-17 18:58:00.062 точка   Путь_4      : FP:  0   0.0   0.0 |  0   0.0,  0   0.0,  0   0.0 | 30   0.0
2007-10-17 18:58:00.062 точка   Путь_4      : FA:  0   0.0   0.0 |  0   0.0,  0   0.0,  0   0.0 | 30   0.0
2007-10-17 18:58:00.062 точка   Путь_4      : [P0 ] ct=0, p=NULL, a=NULL, diag= простой | БДН обрыв | БДЗ обрыв |
2007-10-17 18:58:00.062 точка   Путь_5      : FP:  0   0.0   0.0 |  0   0.0,  0   0.0,  0   0.0 | 30   0.0
2007-10-17 18:58:00.062 точка   Путь_5      : FA:  0   0.0   0.0 |  0   0.0,  0   0.0,  0   0.0 | 30   0.0
2007-10-17 18:58:00.062 точка   Путь_5      : [P0 ] ct=0, p=NULL, a=NULL, diag= простой | БДН обрыв | БДЗ обрыв |
2007-10-17 18:58:00.062 вагоны  Путь_4      : vnp=0, mp=0, np=0,  прибавляем:  NULL   NULL  0.000
2007-10-17 18:58:00.062 вагоны  Путь_4      : до____: 0.000  0.000  0.000 0 1
2007-10-17 18:58:00.062 вагоны  Путь_4      : ничего не прибавили; vnp = 0.
2007-10-17 18:58:00.062 вагоны  Путь_4      : после_: 0.000  0.000  0.000 0 1
2007-10-17 18:58:00.062 вагоны  Путь_5      : vnp=0, mp=0, np=0,  прибавляем:  NULL   NULL  0.000
2007-10-17 18:58:00.062 вагоны  Путь_5      : до____: 0.000  0.000  0.000 0 1
2007-10-17 18:58:00.062 вагоны  Путь_5      : ничего не прибавили; vnp = 0.
2007-10-17 18:58:00.078 вагоны  Путь_5      : после_: 0.000  0.000  0.000 0 1
2007-10-17 18:58:00.078 маршрут На_банку_1  : 0.000  0.000  0.000  0.000
2007-10-17 18:58:00.078 маршрут На_банку_2  : 0.000  0.000  0.000  0.000
2007-10-17 18:58:00.078 маршрут Из_банки_1  : 0.000  0.000  0.000  0.000
2007-10-17 18:58:00.078 маршрут Из_банки_2  : 0.000  0.000  0.000  0.000
2007-10-17 18:58:00.078 ёмкость Банка_1     :  0.000  0.000  0.000 0 1
2007-10-17 18:58:00.078 ёмкость Банка_2     :  0.000  0.000  0.000 0 1
2007-10-17 18:59:00.062 
2007-10-17 18:59:00.062 точка   Конвейер_20 : FP:  0   0.0   0.0 |  0   0.0,  0   0.0,  0   0.0 | 30   0.0
2007-10-17 18:59:00.062 точка   Конвейер_20 : FA:  0   0.0   0.0 |  0   0.0,  0   0.0,  0   0.0 | 30   0.0
2007-10-17 18:59:00.062 точка   Конвейер_20 : [P0 ] ct=0, p=NULL, a=NULL, diag= простой | БДН обрыв | БДЗ обрыв |
2007-10-17 18:59:00.062 точка   Путь_4      : FP:  0   0.0   0.0 |  0   0.0,  0   0.0,  0   0.0 | 30   0.0
2007-10-17 18:59:00.062 точка   Путь_4      : FA:  0   0.0   0.0 |  0   0.0,  0   0.0,  0   0.0 | 30   0.0
2007-10-17 18:59:00.062 точка   Путь_4      : [P0 ] ct=0, p=NULL, a=NULL, diag= простой | БДН обрыв | БДЗ обрыв |
2007-10-17 18:59:00.062 точка   Путь_5      : FP:  0   0.0   0.0 |  0   0.0,  0   0.0,  0   0.0 | 30   0.0
2007-10-17 18:59:00.062 точка   Путь_5      : FA:  0   0.0   0.0 |  0   0.0,  0   0.0,  0   0.0 | 30   0.0
2007-10-17 18:59:00.062 точка   Путь_5      : [P0 ] ct=0, p=NULL, a=NULL, diag= простой | БДН обрыв | БДЗ обрыв |
2007-10-17 18:59:00.062 вагоны  Путь_4      : vnp=0, mp=0, np=0,  прибавляем:  NULL   NULL  0.000
2007-10-17 18:59:00.062 вагоны  Путь_4      : до____: 0.000  0.000  0.000 0 1
2007-10-17 18:59:00.062 вагоны  Путь_4      : ничего не прибавили; vnp = 0.
2007-10-17 18:59:00.062 вагоны  Путь_4      : после_: 0.000  0.000  0.000 0 1
2007-10-17 18:59:00.062 вагоны  Путь_5      : vnp=0, mp=0, np=0,  прибавляем:  NULL   NULL  0.000
2007-10-17 18:59:00.062 вагоны  Путь_5      : до____: 0.000  0.000  0.000 0 1
2007-10-17 18:59:00.062 вагоны  Путь_5      : ничего не прибавили; vnp = 0.
2007-10-17 18:59:00.062 вагоны  Путь_5      : после_: 0.000  0.000  0.000 0 1
2007-10-17 18:59:00.062 маршрут На_банку_1  : 0.000  0.000  0.000  0.000
2007-10-17 18:59:00.062 маршрут На_банку_2  : 0.000  0.000  0.000  0.000
2007-10-17 18:59:00.078 маршрут Из_банки_1  : 0.000  0.000  0.000  0.000
2007-10-17 18:59:00.078 маршрут Из_банки_2  : 0.000  0.000  0.000  0.000
2007-10-17 18:59:00.078 ёмкость Банка_1     :  0.000  0.000  0.000 0 1
2007-10-17 18:59:00.078 ёмкость Банка_2     :  0.000  0.000  0.000 0 1
2007-10-17 19:00:00.062 
2007-10-17 19:00:00.062 точка   Конвейер_20 : FP:  0   0.0   0.0 |  0   0.0,  0   0.0,  0   0.0 | 30   0.0
2007-10-17 19:00:00.062 точка   Конвейер_20 : FA:  0   0.0   0.0 |  0   0.0,  0   0.0,  0   0.0 | 30   0.0
2007-10-17 19:00:00.062 точка   Конвейер_20 : [P0 ] ct=0, p=NULL, a=NULL, diag= простой | БДН обрыв | БДЗ обрыв |
2007-10-17 19:00:00.062 точка   Путь_4      : FP:  0   0.0   0.0 |  0   0.0,  0   0.0,  0   0.0 | 30   0.0
2007-10-17 19:00:00.062 точка   Путь_4      : FA:  0   0.0   0.0 |  0   0.0,  0   0.0,  0   0.0 | 30   0.0
2007-10-17 19:00:00.062 точка   Путь_4      : [P0 ] ct=0, p=NULL, a=NULL, diag= простой | БДН обрыв | БДЗ обрыв |
2007-10-17 19:00:00.062 точка   Путь_5      : FP:  0   0.0   0.0 |  0   0.0,  0   0.0,  0   0.0 | 30   0.0
2007-10-17 19:00:00.062 точка   Путь_5      : FA:  0   0.0   0.0 |  0   0.0,  0   0.0,  0   0.0 | 30   0.0
2007-10-17 19:00:00.062 точка   Путь_5      : [P0 ] ct=0, p=NULL, a=NULL, diag= простой | БДН обрыв | БДЗ обрыв |
2007-10-17 19:00:00.062 вагоны  Путь_4      : vnp=0, mp=0, np=0,  прибавляем:  NULL   NULL  0.000
2007-10-17 19:00:00.062 вагоны  Путь_4      : до____: 0.000  0.000  0.000 0 1
2007-10-17 19:00:00.062 вагоны  Путь_4      : ничего не прибавили; vnp = 0.
2007-10-17 19:00:00.062 вагоны  Путь_4      : после_: 0.000  0.000  0.000 0 1
2007-10-17 19:00:00.062 вагоны  Путь_5      : vnp=0, mp=0, np=0,  прибавляем:  NULL   NULL  0.000
2007-10-17 19:00:00.062 вагоны  Путь_5      : до____: 0.000  0.000  0.000 0 1
2007-10-17 19:00:00.062 вагоны  Путь_5      : ничего не прибавили; vnp = 0.
2007-10-17 19:00:00.062 вагоны  Путь_5      : после_: 0.000  0.000  0.000 0 1
2007-10-17 19:00:00.062 маршрут На_банку_1  : 0.000  0.000  0.000  0.000
2007-10-17 19:00:00.078 маршрут На_банку_2  : 0.000  0.000  0.000  0.000
2007-10-17 19:00:00.078 маршрут Из_банки_1  : 0.000  0.000  0.000  0.000
2007-10-17 19:00:00.078 маршрут Из_банки_2  : 0.000  0.000  0.000  0.000
2007-10-17 19:00:00.078 ёмкость Банка_1     :  0.000  0.000  0.000 0 1
2007-10-17 19:00:00.078 ёмкость Банка_2     :  0.000  0.000  0.000 0 1
2007-10-17 19:01:00.062 
2007-10-17 19:01:00.062 точка   Конвейер_20 : FP:  0   0.0   0.0 |  0   0.0,  0   0.0,  0   0.0 | 30   0.0
2007-10-17 19:01:00.062 точка   Конвейер_20 : FA:  0   0.0   0.0 |  0   0.0,  0   0.0,  0   0.0 | 30   0.0
2007-10-17 19:01:00.062 точка   Конвейер_20 : [P0 ] ct=0, p=NULL, a=NULL, diag= простой | БДН обрыв | БДЗ обрыв |
2007-10-17 19:01:00.062 точка   Путь_4      : FP:  0   0.0   0.0 |  0   0.0,  0   0.0,  0   0.0 | 30   0.0
2007-10-17 19:01:00.062 точка   Путь_4      : FA:  0   0.0   0.0 |  0   0.0,  0   0.0,  0   0.0 | 30   0.0
2007-10-17 19:01:00.062 точка   Путь_4      : [P0 ] ct=0, p=NULL, a=NULL, diag= простой | БДН обрыв | БДЗ обрыв |
2007-10-17 19:01:00.062 точка   Путь_5      : FP:  0   0.0   0.0 |  0   0.0,  0   0.0,  0   0.0 | 30   0.0
2007-10-17 19:01:00.062 точка   Путь_5      : FA:  0   0.0   0.0 |  0   0.0,  0   0.0,  0   0.0 | 30   0.0
2007-10-17 19:01:00.062 точка   Путь_5      : [P0 ] ct=0, p=NULL, a=NULL, diag= простой | БДН обрыв | БДЗ обрыв |
2007-10-17 19:01:00.062 вагоны  Путь_4      : vnp=0, mp=0, np=0,  прибавляем:  NULL   NULL  0.000
2007-10-17 19:01:00.062 вагоны  Путь_4      : до____: 0.000  0.000  0.000 0 1
2007-10-17 19:01:00.062 вагоны  Путь_4      : ничего не прибавили; vnp = 0.
2007-10-17 19:01:00.062 вагоны  Путь_4      : после_: 0.000  0.000  0.000 0 1
2007-10-17 19:01:00.062 вагоны  Путь_5      : vnp=0, mp=0, np=0,  прибавляем:  NULL   NULL  0.000
2007-10-17 19:01:00.062 вагоны  Путь_5      : до____: 0.000  0.000  0.000 0 1
2007-10-17 19:01:00.062 вагоны  Путь_5      : ничего не прибавили; vnp = 0.
2007-10-17 19:01:00.078 вагоны  Путь_5      : после_: 0.000  0.000  0.000 0 1
2007-10-17 19:01:00.078 маршрут На_банку_1  : 0.000  0.000  0.000  0.000
2007-10-17 19:01:00.078 маршрут На_банку_2  : 0.000  0.000  0.000  0.000
2007-10-17 19:01:00.078 маршрут Из_банки_1  : 0.000  0.000  0.000  0.000
2007-10-17 19:01:00.078 маршрут Из_банки_2  : 0.000  0.000  0.000  0.000
2007-10-17 19:01:00.078 ёмкость Банка_1     :  0.000  0.000  0.000 0 1
2007-10-17 19:01:00.078 ёмкость Банка_2     :  0.000  0.000  0.000 0 1
2007-10-17 19:02:00.062 
2007-10-17 19:02:00.062 точка   Конвейер_20 : FP:  0   0.0   0.0 |  0   0.0,  0   0.0,  0   0.0 | 30   0.0
2007-10-17 19:02:00.062 точка   Конвейер_20 : FA:  0   0.0   0.0 |  0   0.0,  0   0.0,  0   0.0 | 30   0.0
2007-10-17 19:02:00.062 точка   Конвейер_20 : [P0 ] ct=0, p=NULL, a=NULL, diag= простой | БДН обрыв | БДЗ обрыв |
2007-10-17 19:02:00.062 точка   Путь_4      : FP:  0   0.0   0.0 |  0   0.0,  0   0.0,  0   0.0 | 30   0.0
2007-10-17 19:02:00.062 точка   Путь_4      : FA:  0   0.0   0.0 |  0   0.0,  0   0.0,  0   0.0 | 30   0.0
2007-10-17 19:02:00.062 точка   Путь_4      : [P0 ] ct=0, p=NULL, a=NULL, diag= простой | БДН обрыв | БДЗ обрыв |
2007-10-17 19:02:00.062 точка   Путь_5      : FP:  0   0.0   0.0 |  0   0.0,  0   0.0,  0   0.0 | 30   0.0
2007-10-17 19:02:00.062 точка   Путь_5      : FA:  0   0.0   0.0 |  0   0.0,  0   0.0,  0   0.0 | 30   0.0
2007-10-17 19:02:00.062 точка   Путь_5      : [P0 ] ct=0, p=NULL, a=NULL, diag= простой | БДН обрыв | БДЗ обрыв |
2007-10-17 19:02:00.062 вагоны  Путь_4      : vnp=0, mp=0, np=0,  прибавляем:  NULL   NULL  0.000
2007-10-17 19:02:00.062 вагоны  Путь_4      : до____: 0.000  0.000  0.000 0 1
2007-10-17 19:02:00.062 вагоны  Путь_4      : ничего не прибавили; vnp = 0.
2007-10-17 19:02:00.062 вагоны  Путь_4      : после_: 0.000  0.000  0.000 0 1
2007-10-17 19:02:00.062 вагоны  Путь_5      : vnp=0, mp=0, np=0,  прибавляем:  NULL   NULL  0.000
2007-10-17 19:02:00.062 вагоны  Путь_5      : до____: 0.000  0.000  0.000 0 1
2007-10-17 19:02:00.062 вагоны  Путь_5      : ничего не прибавили; vnp = 0.
2007-10-17 19:02:00.062 вагоны  Путь_5      : после_: 0.000  0.000  0.000 0 1
2007-10-17 19:02:00.078 маршрут На_банку_1  : 0.000  0.000  0.000  0.000
2007-10-17 19:02:00.078 маршрут На_банку_2  : 0.000  0.000  0.000  0.000
2007-10-17 19:02:00.078 маршрут Из_банки_1  : 0.000  0.000  0.000  0.000
2007-10-17 19:02:00.078 маршрут Из_банки_2  : 0.000  0.000  0.000  0.000
2007-10-17 19:02:00.078 ёмкость Банка_1     :  0.000  0.000  0.000 0 1
2007-10-17 19:02:00.078 ёмкость Банка_2     :  0.000  0.000  0.000 0 1
2007-10-17 19:03:00.062 
2007-10-17 19:03:00.062 точка   Конвейер_20 : FP:  0   0.0   0.0 |  0   0.0,  0   0.0,  0   0.0 | 30   0.0
2007-10-17 19:03:00.062 точка   Конвейер_20 : FA:  0   0.0   0.0 |  0   0.0,  0   0.0,  0   0.0 | 30   0.0
2007-10-17 19:03:00.062 точка   Конвейер_20 : [P0 ] ct=0, p=NULL, a=NULL, diag= простой | БДН обрыв | БДЗ обрыв |
2007-10-17 19:03:00.062 точка   Путь_4      : FP:  0   0.0   0.0 |  0   0.0,  0   0.0,  0   0.0 | 30   0.0
2007-10-17 19:03:00.062 точка   Путь_4      : FA:  0   0.0   0.0 |  0   0.0,  0   0.0,  0   0.0 | 30   0.0
2007-10-17 19:03:00.062 точка   Путь_4      : [P0 ] ct=0, p=NULL, a=NULL, diag= простой | БДН обрыв | БДЗ обрыв |
2007-10-17 19:03:00.062 точка   Путь_5      : FP:  0   0.0   0.0 |  0   0.0,  0   0.0,  0   0.0 | 30   0.0
2007-10-17 19:03:00.062 точка   Путь_5      : FA:  0   0.0   0.0 |  0   0.0,  0   0.0,  0   0.0 | 30   0.0
2007-10-17 19:03:00.062 точка   Путь_5      : [P0 ] ct=0, p=NULL, a=NULL, diag= простой | БДН обрыв | БДЗ обрыв |
2007-10-17 19:03:00.062 вагоны  Путь_4      : vnp=0, mp=0, np=0,  прибавляем:  NULL   NULL  0.000
2007-10-17 19:03:00.062 вагоны  Путь_4      : до____: 0.000  0.000  0.000 0 1
2007-10-17 19:03:00.062 вагоны  Путь_4      : ничего не прибавили; vnp = 0.
2007-10-17 19:03:00.062 вагоны  Путь_4      : после_: 0.000  0.000  0.000 0 1
2007-10-17 19:03:00.062 вагоны  Путь_5      : vnp=0, mp=0, np=0,  прибавляем:  NULL   NULL  0.000
2007-10-17 19:03:00.062 вагоны  Путь_5      : до____: 0.000  0.000  0.000 0 1
2007-10-17 19:03:00.062 вагоны  Путь_5      : ничего не прибавили; vnp = 0.
2007-10-17 19:03:00.062 вагоны  Путь_5      : после_: 0.000  0.000  0.000 0 1
2007-10-17 19:03:00.062 маршрут На_банку_1  : 0.000  0.000  0.000  0.000
2007-10-17 19:03:00.062 маршрут На_банку_2  : 0.000  0.000  0.000  0.000
2007-10-17 19:03:00.062 маршрут Из_банки_1  : 0.000  0.000  0.000  0.000
2007-10-17 19:03:00.078 маршрут Из_банки_2  : 0.000  0.000  0.000  0.000
2007-10-17 19:03:00.078 ёмкость Банка_1     :  0.000  0.000  0.000 0 1
2007-10-17 19:03:00.078 ёмкость Банка_2     :  0.000  0.000  0.000 0 1
2007-10-17 19:04:00.062 
2007-10-17 19:04:00.062 точка   Конвейер_20 : FP:  0   0.0   0.0 |  0   0.0,  0   0.0,  0   0.0 | 30   0.0
2007-10-17 19:04:00.062 точка   Конвейер_20 : FA:  0   0.0   0.0 |  0   0.0,  0   0.0,  0   0.0 | 30   0.0
2007-10-17 19:04:00.062 точка   Конвейер_20 : [P0 ] ct=0, p=NULL, a=NULL, diag= простой | БДН обрыв | БДЗ обрыв |
2007-10-17 19:04:00.062 точка   Путь_4      : FP:  0   0.0   0.0 |  0   0.0,  0   0.0,  0   0.0 | 30   0.0
2007-10-17 19:04:00.062 точка   Путь_4      : FA:  0   0.0   0.0 |  0   0.0,  0   0.0,  0   0.0 | 30   0.0
2007-10-17 19:04:00.062 точка   Путь_4      : [P0 ] ct=0, p=NULL, a=NULL, diag= простой | БДН обрыв | БДЗ обрыв |
2007-10-17 19:04:00.062 точка   Путь_5      : FP:  0   0.0   0.0 |  0   0.0,  0   0.0,  0   0.0 | 30   0.0
2007-10-17 19:04:00.062 точка   Путь_5      : FA:  0   0.0   0.0 |  0   0.0,  0   0.0,  0   0.0 | 30   0.0
2007-10-17 19:04:00.062 точка   Путь_5      : [P0 ] ct=0, p=NULL, a=NULL, diag= простой | БДН обрыв | БДЗ обрыв |
2007-10-17 19:04:00.062 вагоны  Путь_4      : vnp=0, mp=0, np=0,  прибавляем:  NULL   NULL  0.000
2007-10-17 19:04:00.062 вагоны  Путь_4      : до____: 0.000  0.000  0.000 0 1
2007-10-17 19:04:00.062 вагоны  Путь_4      : ничего не прибавили; vnp = 0.
2007-10-17 19:04:00.062 вагоны  Путь_4      : после_: 0.000  0.000  0.000 0 1
2007-10-17 19:04:00.062 вагоны  Путь_5      : vnp=0, mp=0, np=0,  прибавляем:  NULL   NULL  0.000
2007-10-17 19:04:00.062 вагоны  Путь_5      : до____: 0.000  0.000  0.000 0 1
2007-10-17 19:04:00.062 вагоны  Путь_5      : ничего не прибавили; vnp = 0.
2007-10-17 19:04:00.062 вагоны  Путь_5      : после_: 0.000  0.000  0.000 0 1
2007-10-17 19:04:00.062 маршрут На_банку_1  : 0.000  0.000  0.000  0.000
2007-10-17 19:04:00.062 маршрут На_банку_2  : 0.000  0.000  0.000  0.000
2007-10-17 19:04:00.078 маршрут Из_банки_1  : 0.000  0.000  0.000  0.000
2007-10-17 19:04:00.078 маршрут Из_банки_2  : 0.000  0.000  0.000  0.000
2007-10-17 19:04:00.078 ёмкость Банка_1     :  0.000  0.000  0.000 0 1
2007-10-17 19:04:00.078 ёмкость Банка_2     :  0.000  0.000  0.000 0 1
2007-10-17 19:05:00.125 
2007-10-17 19:05:00.125 точка   Конвейер_20 : FP:  0   0.0   0.0 |  0   0.0,  0   0.0,  0   0.0 | 30   0.0
2007-10-17 19:05:00.125 точка   Конвейер_20 : FA:  0   0.0   0.0 |  0   0.0,  0   0.0,  0   0.0 | 30   0.0
2007-10-17 19:05:00.125 точка   Конвейер_20 : [P0 ] ct=0, p=NULL, a=NULL, diag= простой | БДН обрыв | БДЗ обрыв |
2007-10-17 19:05:00.125 точка   Путь_4      : FP:  0   0.0   0.0 |  0   0.0,  0   0.0,  0   0.0 | 30   0.0
2007-10-17 19:05:00.125 точка   Путь_4      : FA:  0   0.0   0.0 |  0   0.0,  0   0.0,  0   0.0 | 30   0.0
2007-10-17 19:05:00.125 точка   Путь_4      : [P0 ] ct=0, p=NULL, a=NULL, diag= простой | БДН обрыв | БДЗ обрыв |
2007-10-17 19:05:00.125 точка   Путь_5      : FP:  0   0.0   0.0 |  0   0.0,  0   0.0,  0   0.0 | 30   0.0
2007-10-17 19:05:00.125 точка   Путь_5      : FA:  0   0.0   0.0 |  0   0.0,  0   0.0,  0   0.0 | 30   0.0
2007-10-17 19:05:00.125 точка   Путь_5      : [P0 ] ct=0, p=NULL, a=NULL, diag= простой | БДН обрыв | БДЗ обрыв |
2007-10-17 19:05:00.125 вагоны  Путь_4      : vnp=0, mp=0, np=0,  прибавляем:  NULL   NULL  0.000
2007-10-17 19:05:00.125 вагоны  Путь_4      : до____: 0.000  0.000  0.000 0 1
2007-10-17 19:05:00.125 вагоны  Путь_4      : ничего не прибавили; vnp = 0.
2007-10-17 19:05:00.125 вагоны  Путь_4      : после_: 0.000  0.000  0.000 0 1
2007-10-17 19:05:00.125 вагоны  Путь_5      : vnp=0, mp=0, np=0,  прибавляем:  NULL   NULL  0.000
2007-10-17 19:05:00.125 вагоны  Путь_5      : до____: 0.000  0.000  0.000 0 1
2007-10-17 19:05:00.125 вагоны  Путь_5      : ничего не прибавили; vnp = 0.
2007-10-17 19:05:00.125 вагоны  Путь_5      : после_: 0.000  0.000  0.000 0 1
2007-10-17 19:05:00.125 маршрут На_банку_1  : 0.000  0.000  0.000  0.000
2007-10-17 19:05:00.125 маршрут На_банку_2  : 0.000  0.000  0.000  0.000
2007-10-17 19:05:00.125 маршрут Из_банки_1  : 0.000  0.000  0.000  0.000
2007-10-17 19:05:00.125 маршрут Из_банки_2  : 0.000  0.000  0.000  0.000
2007-10-17 19:05:00.140 ёмкость Банка_1     :  0.000  0.000  0.000 0 1
2007-10-17 19:05:00.140 ёмкость Банка_2     :  0.000  0.000  0.000 0 1
2007-10-17 19:06:00.062 
2007-10-17 19:06:00.062 точка   Конвейер_20 : FP:  0   0.0   0.0 |  0   0.0,  0   0.0,  0   0.0 | 30   0.0
2007-10-17 19:06:00.062 точка   Конвейер_20 : FA:  0   0.0   0.0 |  0   0.0,  0   0.0,  0   0.0 | 30   0.0
2007-10-17 19:06:00.062 точка   Конвейер_20 : [P0 ] ct=0, p=NULL, a=NULL, diag= простой | БДН обрыв | БДЗ обрыв |
2007-10-17 19:06:00.062 точка   Путь_4      : FP:  0   0.0   0.0 |  0   0.0,  0   0.0,  0   0.0 | 30   0.0
2007-10-17 19:06:00.062 точка   Путь_4      : FA:  0   0.0   0.0 |  0   0.0,  0   0.0,  0   0.0 | 30   0.0
2007-10-17 19:06:00.062 точка   Путь_4      : [P0 ] ct=0, p=NULL, a=NULL, diag= простой | БДН обрыв | БДЗ обрыв |
2007-10-17 19:06:00.062 точка   Путь_5      : FP:  0   0.0   0.0 |  0   0.0,  0   0.0,  0   0.0 | 30   0.0
2007-10-17 19:06:00.078 точка   Путь_5      : FA:  0   0.0   0.0 |  0   0.0,  0   0.0,  0   0.0 | 30   0.0
2007-10-17 19:06:00.078 точка   Путь_5      : [P0 ] ct=0, p=NULL, a=NULL, diag= простой | БДН обрыв | БДЗ обрыв |
2007-10-17 19:06:00.078 вагоны  Путь_4      : vnp=0, mp=0, np=0,  прибавляем:  NULL   NULL  0.000
2007-10-17 19:06:00.078 вагоны  Путь_4      : до____: 0.000  0.000  0.000 0 1
2007-10-17 19:06:00.078 вагоны  Путь_4      : ничего не прибавили; vnp = 0.
2007-10-17 19:06:00.078 вагоны  Путь_4      : после_: 0.000  0.000  0.000 0 1
2007-10-17 19:06:00.078 вагоны  Путь_5      : vnp=0, mp=0, np=0,  прибавляем:  NULL   NULL  0.000
2007-10-17 19:06:00.078 вагоны  Путь_5      : до____: 0.000  0.000  0.000 0 1
2007-10-17 19:06:00.078 вагоны  Путь_5      : ничего не прибавили; vnp = 0.
2007-10-17 19:06:00.078 вагоны  Путь_5      : после_: 0.000  0.000  0.000 0 1
2007-10-17 19:06:00.078 маршрут На_банку_1  : 0.000  0.000  0.000  0.000
2007-10-17 19:06:00.078 маршрут На_банку_2  : 0.000  0.000  0.000  0.000
2007-10-17 19:06:00.078 маршрут Из_банки_1  : 0.000  0.000  0.000  0.000
2007-10-17 19:06:00.078 маршрут Из_банки_2  : 0.000  0.000  0.000  0.000
2007-10-17 19:06:00.078 ёмкость Банка_1     :  0.000  0.000  0.000 0 1
2007-10-17 19:06:00.078 ёмкость Банка_2     :  0.000  0.000  0.000 0 1
2007-10-17 19:07:00.062 
2007-10-17 19:07:00.062 точка   Конвейер_20 : FP:  0   0.0   0.0 |  0   0.0,  0   0.0,  0   0.0 | 30   0.0
2007-10-17 19:07:00.062 точка   Конвейер_20 : FA:  0   0.0   0.0 |  0   0.0,  0   0.0,  0   0.0 | 30   0.0
2007-10-17 19:07:00.062 точка   Конвейер_20 : [P0 ] ct=0, p=NULL, a=NULL, diag= простой | БДН обрыв | БДЗ обрыв |
2007-10-17 19:07:00.062 точка   Путь_4      : FP:  0   0.0   0.0 |  0   0.0,  0   0.0,  0   0.0 | 30   0.0
2007-10-17 19:07:00.062 точка   Путь_4      : FA:  0   0.0   0.0 |  0   0.0,  0   0.0,  0   0.0 | 30   0.0
2007-10-17 19:07:00.062 точка   Путь_4      : [P0 ] ct=0, p=NULL, a=NULL, diag= простой | БДН обрыв | БДЗ обрыв |
2007-10-17 19:07:00.078 точка   Путь_5      : FP:  0   0.0   0.0 |  0   0.0,  0   0.0,  0   0.0 | 30   0.0
2007-10-17 19:07:00.078 точка   Путь_5      : FA:  0   0.0   0.0 |  0   0.0,  0   0.0,  0   0.0 | 30   0.0
2007-10-17 19:07:00.078 точка   Путь_5      : [P0 ] ct=0, p=NULL, a=NULL, diag= простой | БДН обрыв | БДЗ обрыв |
2007-10-17 19:07:00.078 вагоны  Путь_4      : vnp=0, mp=0, np=0,  прибавляем:  NULL   NULL  0.000
2007-10-17 19:07:00.078 вагоны  Путь_4      : до____: 0.000  0.000  0.000 0 1
2007-10-17 19:07:00.078 вагоны  Путь_4      : ничего не прибавили; vnp = 0.
2007-10-17 19:07:00.078 вагоны  Путь_4      : после_: 0.000  0.000  0.000 0 1
2007-10-17 19:07:00.078 вагоны  Путь_5      : vnp=0, mp=0, np=0,  прибавляем:  NULL   NULL  0.000
2007-10-17 19:07:00.078 вагоны  Путь_5      : до____: 0.000  0.000  0.000 0 1
2007-10-17 19:07:00.078 вагоны  Путь_5      : ничего не прибавили; vnp = 0.
2007-10-17 19:07:00.078 вагоны  Путь_5      : после_: 0.000  0.000  0.000 0 1
2007-10-17 19:07:00.078 маршрут На_банку_1  : 0.000  0.000  0.000  0.000
2007-10-17 19:07:00.078 маршрут На_банку_2  : 0.000  0.000  0.000  0.000
2007-10-17 19:07:00.078 маршрут Из_банки_1  : 0.000  0.000  0.000  0.000
2007-10-17 19:07:00.078 маршрут Из_банки_2  : 0.000  0.000  0.000  0.000
2007-10-17 19:07:00.078 ёмкость Банка_1     :  0.000  0.000  0.000 0 1
2007-10-17 19:07:00.078 ёмкость Банка_2     :  0.000  0.000  0.000 0 1
2007-10-17 19:08:00.062 
2007-10-17 19:08:00.062 точка   Конвейер_20 : FP:  0   0.0   0.0 |  0   0.0,  0   0.0,  0   0.0 | 30   0.0
2007-10-17 19:08:00.062 точка   Конвейер_20 : FA:  0   0.0   0.0 |  0   0.0,  0   0.0,  0   0.0 | 30   0.0
2007-10-17 19:08:00.062 точка   Конвейер_20 : [P0 ] ct=0, p=NULL, a=NULL, diag= простой | БДН обрыв | БДЗ обрыв |
2007-10-17 19:08:00.062 точка   Путь_4      : FP:  0   0.0   0.0 |  0   0.0,  0   0.0,  0   0.0 | 30   0.0
2007-10-17 19:08:00.062 точка   Путь_4      : FA:  0   0.0   0.0 |  0   0.0,  0   0.0,  0   0.0 | 30   0.0
2007-10-17 19:08:00.062 точка   Путь_4      : [P0 ] ct=0, p=NULL, a=NULL, diag= простой | БДН обрыв | БДЗ обрыв |
2007-10-17 19:08:00.062 точка   Путь_5      : FP:  0   0.0   0.0 |  0   0.0,  0   0.0,  0   0.0 | 30   0.0
2007-10-17 19:08:00.062 точка   Путь_5      : FA:  0   0.0   0.0 |  0   0.0,  0   0.0,  0   0.0 | 30   0.0
2007-10-17 19:08:00.062 точка   Путь_5      : [P0 ] ct=0, p=NULL, a=NULL, diag= простой | БДН обрыв | БДЗ обрыв |
2007-10-17 19:08:00.062 вагоны  Путь_4      : vnp=0, mp=0, np=0,  прибавляем:  NULL   NULL  0.000
2007-10-17 19:08:00.062 вагоны  Путь_4      : до____: 0.000  0.000  0.000 0 1
2007-10-17 19:08:00.062 вагоны  Путь_4      : ничего не прибавили; vnp = 0.
2007-10-17 19:08:00.062 вагоны  Путь_4      : после_: 0.000  0.000  0.000 0 1
2007-10-17 19:08:00.062 вагоны  Путь_5      : vnp=0, mp=0, np=0,  прибавляем:  NULL   NULL  0.000
2007-10-17 19:08:00.062 вагоны  Путь_5      : до____: 0.000  0.000  0.000 0 1
2007-10-17 19:08:00.062 вагоны  Путь_5      : ничего не прибавили; vnp = 0.
2007-10-17 19:08:00.062 вагоны  Путь_5      : после_: 0.000  0.000  0.000 0 1
2007-10-17 19:08:00.062 маршрут На_банку_1  : 0.000  0.000  0.000  0.000
2007-10-17 19:08:00.062 маршрут На_банку_2  : 0.000  0.000  0.000  0.000
2007-10-17 19:08:00.078 маршрут Из_банки_1  : 0.000  0.000  0.000  0.000
2007-10-17 19:08:00.078 маршрут Из_банки_2  : 0.000  0.000  0.000  0.000
2007-10-17 19:08:00.078 ёмкость Банка_1     :  0.000  0.000  0.000 0 1
2007-10-17 19:08:00.078 ёмкость Банка_2     :  0.000  0.000  0.000 0 1
2007-10-17 19:09:00.062 
2007-10-17 19:09:00.062 точка   Конвейер_20 : FP:  0   0.0   0.0 |  0   0.0,  0   0.0,  0   0.0 | 30   0.0
2007-10-17 19:09:00.062 точка   Конвейер_20 : FA:  0   0.0   0.0 |  0   0.0,  0   0.0,  0   0.0 | 30   0.0
2007-10-17 19:09:00.062 точка   Конвейер_20 : [P0 ] ct=0, p=NULL, a=NULL, diag= простой | БДН обрыв | БДЗ обрыв |
2007-10-17 19:09:00.078 точка   Путь_4      : FP:  0   0.0   0.0 |  0   0.0,  0   0.0,  0   0.0 | 30   0.0
2007-10-17 19:09:00.078 точка   Путь_4      : FA:  0   0.0   0.0 |  0   0.0,  0   0.0,  0   0.0 | 30   0.0
2007-10-17 19:09:00.078 точка   Путь_4      : [P0 ] ct=0, p=NULL, a=NULL, diag= простой | БДН обрыв | БДЗ обрыв |
2007-10-17 19:09:00.078 точка   Путь_5      : FP:  0   0.0   0.0 |  0   0.0,  0   0.0,  0   0.0 | 30   0.0
2007-10-17 19:09:00.078 точка   Путь_5      : FA:  0   0.0   0.0 |  0   0.0,  0   0.0,  0   0.0 | 30   0.0
2007-10-17 19:09:00.078 точка   Путь_5      : [P0 ] ct=0, p=NULL, a=NULL, diag= простой | БДН обрыв | БДЗ обрыв |
2007-10-17 19:09:00.078 вагоны  Путь_4      : vnp=0, mp=0, np=0,  прибавляем:  NULL   NULL  0.000
2007-10-17 19:09:00.078 вагоны  Путь_4      : до____: 0.000  0.000  0.000 0 1
2007-10-17 19:09:00.078 вагоны  Путь_4      : ничего не прибавили; vnp = 0.
2007-10-17 19:09:00.078 вагоны  Путь_4      : после_: 0.000  0.000  0.000 0 1
2007-10-17 19:09:00.078 вагоны  Путь_5      : vnp=0, mp=0, np=0,  прибавляем:  NULL   NULL  0.000
2007-10-17 19:09:00.078 вагоны  Путь_5      : до____: 0.000  0.000  0.000 0 1
2007-10-17 19:09:00.078 вагоны  Путь_5      : ничего не прибавили; vnp = 0.
2007-10-17 19:09:00.078 вагоны  Путь_5      : после_: 0.000  0.000  0.000 0 1
2007-10-17 19:09:00.078 маршрут На_банку_1  : 0.000  0.000  0.000  0.000
2007-10-17 19:09:00.078 маршрут На_банку_2  : 0.000  0.000  0.000  0.000
2007-10-17 19:09:00.078 маршрут Из_банки_1  : 0.000  0.000  0.000  0.000
2007-10-17 19:09:00.078 маршрут Из_банки_2  : 0.000  0.000  0.000  0.000
2007-10-17 19:09:00.078 ёмкость Банка_1     :  0.000  0.000  0.000 0 1
2007-10-17 19:09:00.078 ёмкость Банка_2     :  0.000  0.000  0.000 0 1
2007-10-17 19:10:00.062 
2007-10-17 19:10:00.062 точка   Конвейер_20 : FP:  0   0.0   0.0 |  0   0.0,  0   0.0,  0   0.0 | 30   0.0
2007-10-17 19:10:00.062 точка   Конвейер_20 : FA:  0   0.0   0.0 |  0   0.0,  0   0.0,  0   0.0 | 30   0.0
2007-10-17 19:10:00.062 точка   Конвейер_20 : [P0 ] ct=0, p=NULL, a=NULL, diag= простой | БДН обрыв | БДЗ обрыв |
2007-10-17 19:10:00.062 точка   Путь_4      : FP:  0   0.0   0.0 |  0   0.0,  0   0.0,  0   0.0 | 30   0.0
2007-10-17 19:10:00.062 точка   Путь_4      : FA:  0   0.0   0.0 |  0   0.0,  0   0.0,  0   0.0 | 30   0.0
2007-10-17 19:10:00.062 точка   Путь_4      : [P0 ] ct=0, p=NULL, a=NULL, diag= простой | БДН обрыв | БДЗ обрыв |
2007-10-17 19:10:00.062 точка   Путь_5      : FP:  0   0.0   0.0 |  0   0.0,  0   0.0,  0   0.0 | 30   0.0
2007-10-17 19:10:00.062 точка   Путь_5      : FA:  0   0.0   0.0 |  0   0.0,  0   0.0,  0   0.0 | 30   0.0
2007-10-17 19:10:00.062 точка   Путь_5      : [P0 ] ct=0, p=NULL, a=NULL, diag= простой | БДН обрыв | БДЗ обрыв |
2007-10-17 19:10:00.062 вагоны  Путь_4      : vnp=0, mp=0, np=0,  прибавляем:  NULL   NULL  0.000
2007-10-17 19:10:00.062 вагоны  Путь_4      : до____: 0.000  0.000  0.000 0 1
2007-10-17 19:10:00.062 вагоны  Путь_4      : ничего не прибавили; vnp = 0.
2007-10-17 19:10:00.062 вагоны  Путь_4      : после_: 0.000  0.000  0.000 0 1
2007-10-17 19:10:00.078 вагоны  Путь_5      : vnp=0, mp=0, np=0,  прибавляем:  NULL   NULL  0.000
2007-10-17 19:10:00.078 вагоны  Путь_5      : до____: 0.000  0.000  0.000 0 1
2007-10-17 19:10:00.078 вагоны  Путь_5      : ничего не прибавили; vnp = 0.
2007-10-17 19:10:00.078 вагоны  Путь_5      : после_: 0.000  0.000  0.000 0 1
2007-10-17 19:10:00.078 маршрут На_банку_1  : 0.000  0.000  0.000  0.000
2007-10-17 19:10:00.078 маршрут На_банку_2  : 0.000  0.000  0.000  0.000
2007-10-17 19:10:00.078 маршрут Из_банки_1  : 0.000  0.000  0.000  0.000
2007-10-17 19:10:00.078 маршрут Из_банки_2  : 0.000  0.000  0.000  0.000
2007-10-17 19:10:00.078 ёмкость Банка_1     :  0.000  0.000  0.000 0 1
2007-10-17 19:10:00.078 ёмкость Банка_2     :  0.000  0.000  0.000 0 1
2007-10-17 19:11:00.062 
2007-10-17 19:11:00.062 точка   Конвейер_20 : FP:  0   0.0   0.0 |  0   0.0,  0   0.0,  0   0.0 | 30   0.0
2007-10-17 19:11:00.062 точка   Конвейер_20 : FA:  0   0.0   0.0 |  0   0.0,  0   0.0,  0   0.0 | 30   0.0
2007-10-17 19:11:00.062 точка   Конвейер_20 : [P0 ] ct=0, p=NULL, a=NULL, diag= простой | БДН обрыв | БДЗ обрыв |
2007-10-17 19:11:00.062 точка   Путь_4      : FP:  0   0.0   0.0 |  0   0.0,  0   0.0,  0   0.0 | 30   0.0
2007-10-17 19:11:00.062 точка   Путь_4      : FA:  0   0.0   0.0 |  0   0.0,  0   0.0,  0   0.0 | 30   0.0
2007-10-17 19:11:00.062 точка   Путь_4      : [P0 ] ct=0, p=NULL, a=NULL, diag= простой | БДН обрыв | БДЗ обрыв |
2007-10-17 19:11:00.062 точка   Путь_5      : FP:  0   0.0   0.0 |  0   0.0,  0   0.0,  0   0.0 | 30   0.0
2007-10-17 19:11:00.062 точка   Путь_5      : FA:  0   0.0   0.0 |  0   0.0,  0   0.0,  0   0.0 | 30   0.0
2007-10-17 19:11:00.062 точка   Путь_5      : [P0 ] ct=0, p=NULL, a=NULL, diag= простой | БДН обрыв | БДЗ обрыв |
2007-10-17 19:11:00.062 вагоны  Путь_4      : vnp=0, mp=0, np=0,  прибавляем:  NULL   NULL  0.000
2007-10-17 19:11:00.062 вагоны  Путь_4      : до____: 0.000  0.000  0.000 0 1
2007-10-17 19:11:00.062 вагоны  Путь_4      : ничего не прибавили; vnp = 0.
2007-10-17 19:11:00.062 вагоны  Путь_4      : после_: 0.000  0.000  0.000 0 1
2007-10-17 19:11:00.062 вагоны  Путь_5      : vnp=0, mp=0, np=0,  прибавляем:  NULL   NULL  0.000
2007-10-17 19:11:00.062 вагоны  Путь_5      : до____: 0.000  0.000  0.000 0 1
2007-10-17 19:11:00.062 вагоны  Путь_5      : ничего не прибавили; vnp = 0.
2007-10-17 19:11:00.062 вагоны  Путь_5      : после_: 0.000  0.000  0.000 0 1
2007-10-17 19:11:00.062 маршрут На_банку_1  : 0.000  0.000  0.000  0.000
2007-10-17 19:11:00.062 маршрут На_банку_2  : 0.000  0.000  0.000  0.000
2007-10-17 19:11:00.062 маршрут Из_банки_1  : 0.000  0.000  0.000  0.000
2007-10-17 19:11:00.078 маршрут Из_банки_2  : 0.000  0.000  0.000  0.000
2007-10-17 19:11:00.078 ёмкость Банка_1     :  0.000  0.000  0.000 0 1
2007-10-17 19:11:00.078 ёмкость Банка_2     :  0.000  0.000  0.000 0 1
2007-10-17 19:12:00.062 
2007-10-17 19:12:00.062 точка   Конвейер_20 : FP:  0   0.0   0.0 |  0   0.0,  0   0.0,  0   0.0 | 30   0.0
2007-10-17 19:12:00.062 точка   Конвейер_20 : FA:  0   0.0   0.0 |  0   0.0,  0   0.0,  0   0.0 | 30   0.0
2007-10-17 19:12:00.062 точка   Конвейер_20 : [P0 ] ct=0, p=NULL, a=NULL, diag= простой | БДН обрыв | БДЗ обрыв |
2007-10-17 19:12:00.062 точка   Путь_4      : FP:  0   0.0   0.0 |  0   0.0,  0   0.0,  0   0.0 | 30   0.0
2007-10-17 19:12:00.062 точка   Путь_4      : FA:  0   0.0   0.0 |  0   0.0,  0   0.0,  0   0.0 | 30   0.0
2007-10-17 19:12:00.062 точка   Путь_4      : [P0 ] ct=0, p=NULL, a=NULL, diag= простой | БДН обрыв | БДЗ обрыв |
2007-10-17 19:12:00.062 точка   Путь_5      : FP:  0   0.0   0.0 |  0   0.0,  0   0.0,  0   0.0 | 30   0.0
2007-10-17 19:12:00.062 точка   Путь_5      : FA:  0   0.0   0.0 |  0   0.0,  0   0.0,  0   0.0 | 30   0.0
2007-10-17 19:12:00.062 точка   Путь_5      : [P0 ] ct=0, p=NULL, a=NULL, diag= простой | БДН обрыв | БДЗ обрыв |
2007-10-17 19:12:00.062 вагоны  Путь_4      : vnp=0, mp=0, np=0,  прибавляем:  NULL   NULL  0.000
2007-10-17 19:12:00.078 вагоны  Путь_4      : до____: 0.000  0.000  0.000 0 1
2007-10-17 19:12:00.078 вагоны  Путь_4      : ничего не прибавили; vnp = 0.
2007-10-17 19:12:00.078 вагоны  Путь_4      : после_: 0.000  0.000  0.000 0 1
2007-10-17 19:12:00.078 вагоны  Путь_5      : vnp=0, mp=0, np=0,  прибавляем:  NULL   NULL  0.000
2007-10-17 19:12:00.078 вагоны  Путь_5      : до____: 0.000  0.000  0.000 0 1
2007-10-17 19:12:00.078 вагоны  Путь_5      : ничего не прибавили; vnp = 0.
2007-10-17 19:12:00.078 вагоны  Путь_5      : после_: 0.000  0.000  0.000 0 1
2007-10-17 19:12:00.078 маршрут На_банку_1  : 0.000  0.000  0.000  0.000
2007-10-17 19:12:00.078 маршрут На_банку_2  : 0.000  0.000  0.000  0.000
2007-10-17 19:12:00.078 маршрут Из_банки_1  : 0.000  0.000  0.000  0.000
2007-10-17 19:12:00.078 маршрут Из_банки_2  : 0.000  0.000  0.000  0.000
2007-10-17 19:12:00.078 ёмкость Банка_1     :  0.000  0.000  0.000 0 1
2007-10-17 19:12:00.078 ёмкость Банка_2     :  0.000  0.000  0.000 0 1
2007-10-17 19:13:00.062 
2007-10-17 19:13:00.062 точка   Конвейер_20 : FP:  0   0.0   0.0 |  0   0.0,  0   0.0,  0   0.0 | 30   0.0
2007-10-17 19:13:00.062 точка   Конвейер_20 : FA:  0   0.0   0.0 |  0   0.0,  0   0.0,  0   0.0 | 30   0.0
2007-10-17 19:13:00.062 точка   Конвейер_20 : [P0 ] ct=0, p=NULL, a=NULL, diag= простой | БДН обрыв | БДЗ обрыв |
2007-10-17 19:13:00.062 точка   Путь_4      : FP:  0   0.0   0.0 |  0   0.0,  0   0.0,  0   0.0 | 30   0.0
2007-10-17 19:13:00.062 точка   Путь_4      : FA:  0   0.0   0.0 |  0   0.0,  0   0.0,  0   0.0 | 30   0.0
2007-10-17 19:13:00.062 точка   Путь_4      : [P0 ] ct=0, p=NULL, a=NULL, diag= простой | БДН обрыв | БДЗ обрыв |
2007-10-17 19:13:00.062 точка   Путь_5      : FP:  0   0.0   0.0 |  0   0.0,  0   0.0,  0   0.0 | 30   0.0
2007-10-17 19:13:00.062 точка   Путь_5      : FA:  0   0.0   0.0 |  0   0.0,  0   0.0,  0   0.0 | 30   0.0
2007-10-17 19:13:00.062 точка   Путь_5      : [P0 ] ct=0, p=NULL, a=NULL, diag= простой | БДН обрыв | БДЗ обрыв |
2007-10-17 19:13:00.062 вагоны  Путь_4      : vnp=0, mp=0, np=0,  прибавляем:  NULL   NULL  0.000
2007-10-17 19:13:00.062 вагоны  Путь_4      : до____: 0.000  0.000  0.000 0 1
2007-10-17 19:13:00.062 вагоны  Путь_4      : ничего не прибавили; vnp = 0.
2007-10-17 19:13:00.062 вагоны  Путь_4      : после_: 0.000  0.000  0.000 0 1
2007-10-17 19:13:00.062 вагоны  Путь_5      : vnp=0, mp=0, np=0,  прибавляем:  NULL   NULL  0.000
2007-10-17 19:13:00.062 вагоны  Путь_5      : до____: 0.000  0.000  0.000 0 1
2007-10-17 19:13:00.062 вагоны  Путь_5      : ничего не прибавили; vnp = 0.
2007-10-17 19:13:00.062 вагоны  Путь_5      : после_: 0.000  0.000  0.000 0 1
2007-10-17 19:13:00.062 маршрут На_банку_1  : 0.000  0.000  0.000  0.000
2007-10-17 19:13:00.062 маршрут На_банку_2  : 0.000  0.000  0.000  0.000
2007-10-17 19:13:00.078 маршрут Из_банки_1  : 0.000  0.000  0.000  0.000
2007-10-17 19:13:00.078 маршрут Из_банки_2  : 0.000  0.000  0.000  0.000
2007-10-17 19:13:00.078 ёмкость Банка_1     :  0.000  0.000  0.000 0 1
2007-10-17 19:13:00.078 ёмкость Банка_2     :  0.000  0.000  0.000 0 1
2007-10-17 19:14:00.062 
2007-10-17 19:14:00.062 точка   Конвейер_20 : FP:  0   0.0   0.0 |  0   0.0,  0   0.0,  0   0.0 | 30   0.0
2007-10-17 19:14:00.062 точка   Конвейер_20 : FA:  0   0.0   0.0 |  0   0.0,  0   0.0,  0   0.0 | 30   0.0
2007-10-17 19:14:00.062 точка   Конвейер_20 : [P0 ] ct=0, p=NULL, a=NULL, diag= простой | БДН обрыв | БДЗ обрыв |
2007-10-17 19:14:00.062 точка   Путь_4      : FP:  0   0.0   0.0 |  0   0.0,  0   0.0,  0   0.0 | 30   0.0
2007-10-17 19:14:00.062 точка   Путь_4      : FA:  0   0.0   0.0 |  0   0.0,  0   0.0,  0   0.0 | 30   0.0
2007-10-17 19:14:00.062 точка   Путь_4      : [P0 ] ct=0, p=NULL, a=NULL, diag= простой | БДН обрыв | БДЗ обрыв |
2007-10-17 19:14:00.062 точка   Путь_5      : FP:  0   0.0   0.0 |  0   0.0,  0   0.0,  0   0.0 | 30   0.0
2007-10-17 19:14:00.062 точка   Путь_5      : FA:  0   0.0   0.0 |  0   0.0,  0   0.0,  0   0.0 | 30   0.0
2007-10-17 19:14:00.062 точка   Путь_5      : [P0 ] ct=0, p=NULL, a=NULL, diag= простой | БДН обрыв | БДЗ обрыв |
2007-10-17 19:14:00.062 вагоны  Путь_4      : vnp=0, mp=0, np=0,  прибавляем:  NULL   NULL  0.000
2007-10-17 19:14:00.062 вагоны  Путь_4      : до____: 0.000  0.000  0.000 0 1
2007-10-17 19:14:00.062 вагоны  Путь_4      : ничего не прибавили; vnp = 0.
2007-10-17 19:14:00.062 вагоны  Путь_4      : после_: 0.000  0.000  0.000 0 1
2007-10-17 19:14:00.062 вагоны  Путь_5      : vnp=0, mp=0, np=0,  прибавляем:  NULL   NULL  0.000
2007-10-17 19:14:00.062 вагоны  Путь_5      : до____: 0.000  0.000  0.000 0 1
2007-10-17 19:14:00.062 вагоны  Путь_5      : ничего не прибавили; vnp = 0.
2007-10-17 19:14:00.062 вагоны  Путь_5      : после_: 0.000  0.000  0.000 0 1
2007-10-17 19:14:00.062 маршрут На_банку_1  : 0.000  0.000  0.000  0.000
2007-10-17 19:14:00.062 маршрут На_банку_2  : 0.000  0.000  0.000  0.000
2007-10-17 19:14:00.062 маршрут Из_банки_1  : 0.000  0.000  0.000  0.000
2007-10-17 19:14:00.062 маршрут Из_банки_2  : 0.000  0.000  0.000  0.000
2007-10-17 19:14:00.062 ёмкость Банка_1     :  0.000  0.000  0.000 0 1
2007-10-17 19:14:00.078 ёмкость Банка_2     :  0.000  0.000  0.000 0 1
2007-10-17 19:14:41.796 Клиент: 1736; ip: 127.0.0.1; отключен
2007-10-17 19:14:43.906 Стоп.
