
2007-10-16 09:29:22.806 Старт.
2007-10-16 09:29:22.853 вагоны  Путь_4      : Последний вагон пустой; Грузим в него, id=1.
2007-10-16 09:29:22.853 вагоны  Путь_5      : Последний вагон пустой; Грузим в него, id=2.
2007-10-16 09:29:22.853 Автокоманды:
2007-10-16 09:29:22.853 set debug 3
2007-10-16 09:29:22.853 ok
2007-10-16 09:29:22.853 set minteov 180
2007-10-16 09:29:22.868 ok
2007-10-16 09:29:22.868 set eov 1
2007-10-16 09:29:22.868 ok
2007-10-16 09:29:37.712 Клиент: 1736; ip: 127.0.0.1; подключен
2007-10-16 09:29:38.009 Клиент: 1736; Запрос: perm
2007-10-16 09:29:38.009 Клиент: 1736; Ответ : 0 Слишком много подключений
2007-10-16 09:29:40.165 Клиент: 1736; ip: 127.0.0.1; отключен
2007-10-16 09:29:47.618 Клиент: 1700; ip: 127.0.0.1; подключен
2007-10-16 09:29:48.009 Клиент: 1700; Запрос: perm
2007-10-16 09:29:48.009 Клиент: 1700; Ответ : 0 Слишком много подключений
2007-10-16 09:29:49.290 Клиент: 1700; ip: 127.0.0.1; отключен
2007-10-16 09:29:56.056 Клиент: 1708; ip: 127.0.0.1; подключен
2007-10-16 09:30:00.056 
2007-10-16 09:30:00.056 точка   Конвейер_20 : FP:  0   0.0   0.0 |  0   0.0,  0   0.0,  0   0.0 | 18  27.8
2007-10-16 09:30:00.056 точка   Конвейер_20 : FA:  0   0.0   0.0 |  0   0.0,  0   0.0,  0   0.0 |  1 790.0
2007-10-16 09:30:00.056 точка   Конвейер_20 : [P0 ] ct=0, p= 0.00, a=NULL, diag= простой |
2007-10-16 09:30:00.056 точка   Путь_4      : FP:  0   0.0   0.0 |  0   0.0,  0   0.0,  0   0.0 | 18  19.4
2007-10-16 09:30:00.056 точка   Путь_4      : FA:  0   0.0   0.0 |  0   0.0,  0   0.0,  0   0.0 |  1 730.0
2007-10-16 09:30:00.056 точка   Путь_4      : [P0 ] ct=0, p= 0.00, a=NULL, diag= простой |
2007-10-16 09:30:00.056 точка   Путь_5      : FP:  0   0.0   0.0 |  0   0.0,  0   0.0,  0   0.0 | 18  19.4
2007-10-16 09:30:00.056 точка   Путь_5      : FA:  0   0.0   0.0 |  0   0.0,  0   0.0,  0   0.0 |  1 730.0
2007-10-16 09:30:00.056 точка   Путь_5      : [P0 ] ct=0, p= 0.00, a=NULL, diag= простой |
2007-10-16 09:30:00.056 вагоны  Путь_4      : vnp=0, mp=0, np=0,  прибавляем: 0.000   NULL  0.000
2007-10-16 09:30:00.056 вагоны  Путь_4      : до____: 0.000  0.000  0.000 0 1
2007-10-16 09:30:00.056 вагоны  Путь_4      : ничего не прибавили; vnp = 0.
2007-10-16 09:30:00.056 вагоны  Путь_4      : после_: 0.000  0.000  0.000 0 1
2007-10-16 09:30:00.056 вагоны  Путь_5      : vnp=0, mp=0, np=0,  прибавляем: 0.000   NULL  0.000
2007-10-16 09:30:00.056 вагоны  Путь_5      : до____: 0.000  0.000  0.000 0 1
2007-10-16 09:30:00.056 вагоны  Путь_5      : ничего не прибавили; vnp = 0.
2007-10-16 09:30:00.056 вагоны  Путь_5      : после_: 0.000  0.000  0.000 0 1
2007-10-16 09:30:00.056 маршрут На_банку_1  : 0.000  0.000  0.000  0.000
2007-10-16 09:30:00.056 маршрут На_банку_2  : 0.000  0.000  0.000  0.000
2007-10-16 09:30:00.056 маршрут Из_банки_1  : 0.000  0.000  0.000  0.000
2007-10-16 09:30:00.056 маршрут Из_банки_2  : 0.000  0.000  0.000  0.000
2007-10-16 09:30:00.056 ёмкость Банка_1     :  0.000  0.000  0.000 0 1
2007-10-16 09:30:00.056 ёмкость Банка_2     :  0.000  0.000  0.000 0 1
2007-10-16 09:30:04.009 Клиент: 1708; Запрос: perm
2007-10-16 09:30:04.009 Клиент: 1708; Ответ : 0 Слишком много подключений
2007-10-16 09:30:16.290 Клиент: 1708; ip: 127.0.0.1; отключен
2007-10-16 09:30:23.150 Клиент: 1736; ip: 127.0.0.1; подключен
2007-10-16 09:30:28.009 Клиент: 1736; Запрос: perm
2007-10-16 09:30:28.009 Клиент: 1736; Ответ : 0 Слишком много подключений
2007-10-16 09:30:33.290 Клиент: 1736; ip: 127.0.0.1; отключен
2007-10-16 09:30:42.993 Клиент: 1700; ip: 127.0.0.1; подключен
2007-10-16 09:30:48.009 Клиент: 1700; Запрос: perm
2007-10-16 09:30:48.009 Клиент: 1700; Ответ : 0 Слишком много подключений
2007-10-16 09:30:48.072 Клиент: 1700; ip: 127.0.0.1; отключен
2007-10-16 09:30:53.384 Клиент: 1708; ip: 127.0.0.1; подключен
2007-10-16 09:30:58.009 Клиент: 1708; Запрос: perm
2007-10-16 09:30:58.009 Клиент: 1708; Ответ : 0 Слишком много подключений
2007-10-16 09:31:00.056 
2007-10-16 09:31:00.056 точка   Конвейер_20 : FP:  0   0.0   0.0 |  0   0.0,  0   0.0,  0   0.0 | 30   0.0
2007-10-16 09:31:00.056 точка   Конвейер_20 : FA:  0   0.0   0.0 |  0   0.0,  0   0.0,  0   0.0 | 30   0.0
2007-10-16 09:31:00.056 точка   Конвейер_20 : [P0 ] ct=0, p=NULL, a=NULL, diag= простой | БДН обрыв | БДЗ обрыв |
2007-10-16 09:31:00.056 точка   Путь_4      : FP:  0   0.0   0.0 |  0   0.0,  0   0.0,  0   0.0 | 30   0.0
2007-10-16 09:31:00.056 точка   Путь_4      : FA:  0   0.0   0.0 |  0   0.0,  0   0.0,  0   0.0 | 30   0.0
2007-10-16 09:31:00.056 точка   Путь_4      : [P0 ] ct=0, p=NULL, a=NULL, diag= простой | БДН обрыв | БДЗ обрыв |
2007-10-16 09:31:00.056 точка   Путь_5      : FP:  0   0.0   0.0 |  0   0.0,  0   0.0,  0   0.0 | 30   0.0
2007-10-16 09:31:00.056 точка   Путь_5      : FA:  0   0.0   0.0 |  0   0.0,  0   0.0,  0   0.0 | 30   0.0
2007-10-16 09:31:00.056 точка   Путь_5      : [P0 ] ct=0, p=NULL, a=NULL, diag= простой | БДН обрыв | БДЗ обрыв |
2007-10-16 09:31:00.056 вагоны  Путь_4      : vnp=0, mp=0, np=0,  прибавляем:  NULL   NULL  0.000
2007-10-16 09:31:00.056 вагоны  Путь_4      : до____: 0.000  0.000  0.000 0 1
2007-10-16 09:31:00.056 вагоны  Путь_4      : ничего не прибавили; vnp = 0.
2007-10-16 09:31:00.056 вагоны  Путь_4      : после_: 0.000  0.000  0.000 0 1
2007-10-16 09:31:00.056 вагоны  Путь_5      : vnp=0, mp=0, np=0,  прибавляем:  NULL   NULL  0.000
2007-10-16 09:31:00.056 вагоны  Путь_5      : до____: 0.000  0.000  0.000 0 1
2007-10-16 09:31:00.056 вагоны  Путь_5      : ничего не прибавили; vnp = 0.
2007-10-16 09:31:00.056 вагоны  Путь_5      : после_: 0.000  0.000  0.000 0 1
2007-10-16 09:31:00.056 маршрут На_банку_1  : 0.000  0.000  0.000  0.000
2007-10-16 09:31:00.072 маршрут На_банку_2  : 0.000  0.000  0.000  0.000
2007-10-16 09:31:00.072 маршрут Из_банки_1  : 0.000  0.000  0.000  0.000
2007-10-16 09:31:00.072 маршрут Из_банки_2  : 0.000  0.000  0.000  0.000
2007-10-16 09:31:00.072 ёмкость Банка_1     :  0.000  0.000  0.000 0 1
2007-10-16 09:31:00.072 ёмкость Банка_2     :  0.000  0.000  0.000 0 1
2007-10-16 09:31:06.275 Клиент: 1708; ip: 127.0.0.1; отключен
2007-10-16 09:32:00.056 
2007-10-16 09:32:00.056 точка   Конвейер_20 : FP:  0   0.0   0.0 |  0   0.0,  0   0.0,  0   0.0 | 30   0.0
2007-10-16 09:32:00.056 точка   Конвейер_20 : FA:  0   0.0   0.0 |  0   0.0,  0   0.0,  0   0.0 | 30   0.0
2007-10-16 09:32:00.056 точка   Конвейер_20 : [P0 ] ct=0, p=NULL, a=NULL, diag= простой | БДН обрыв | БДЗ обрыв |
2007-10-16 09:32:00.056 точка   Путь_4      : FP:  0   0.0   0.0 |  0   0.0,  0   0.0,  0   0.0 | 30   0.0
2007-10-16 09:32:00.056 точка   Путь_4      : FA:  0   0.0   0.0 |  0   0.0,  0   0.0,  0   0.0 | 30   0.0
2007-10-16 09:32:00.056 точка   Путь_4      : [P0 ] ct=0, p=NULL, a=NULL, diag= простой | БДН обрыв | БДЗ обрыв |
2007-10-16 09:32:00.056 точка   Путь_5      : FP:  0   0.0   0.0 |  0   0.0,  0   0.0,  0   0.0 | 30   0.0
2007-10-16 09:32:00.056 точка   Путь_5      : FA:  0   0.0   0.0 |  0   0.0,  0   0.0,  0   0.0 | 30   0.0
2007-10-16 09:32:00.056 точка   Путь_5      : [P0 ] ct=0, p=NULL, a=NULL, diag= простой | БДН обрыв | БДЗ обрыв |
2007-10-16 09:32:00.056 вагоны  Путь_4      : vnp=0, mp=0, np=0,  прибавляем:  NULL   NULL  0.000
2007-10-16 09:32:00.056 вагоны  Путь_4      : до____: 0.000  0.000  0.000 0 1
2007-10-16 09:32:00.056 вагоны  Путь_4      : ничего не прибавили; vnp = 0.
2007-10-16 09:32:00.056 вагоны  Путь_4      : после_: 0.000  0.000  0.000 0 1
2007-10-16 09:32:00.056 вагоны  Путь_5      : vnp=0, mp=0, np=0,  прибавляем:  NULL   NULL  0.000
2007-10-16 09:32:00.056 вагоны  Путь_5      : до____: 0.000  0.000  0.000 0 1
2007-10-16 09:32:00.056 вагоны  Путь_5      : ничего не прибавили; vnp = 0.
2007-10-16 09:32:00.056 вагоны  Путь_5      : после_: 0.000  0.000  0.000 0 1
2007-10-16 09:32:00.056 маршрут На_банку_1  : 0.000  0.000  0.000  0.000
2007-10-16 09:32:00.056 маршрут На_банку_2  : 0.000  0.000  0.000  0.000
2007-10-16 09:32:00.056 маршрут Из_банки_1  : 0.000  0.000  0.000  0.000
2007-10-16 09:32:00.056 маршрут Из_банки_2  : 0.000  0.000  0.000  0.000
2007-10-16 09:32:00.056 ёмкость Банка_1     :  0.000  0.000  0.000 0 1
2007-10-16 09:32:00.056 ёмкость Банка_2     :  0.000  0.000  0.000 0 1
2007-10-16 09:32:59.197 Клиент: 1704; ip: 127.0.0.1; подключен
2007-10-16 09:33:00.056 
2007-10-16 09:33:00.056 точка   Конвейер_20 : FP:  0   0.0   0.0 |  0   0.0,  0   0.0,  0   0.0 | 30   0.0
2007-10-16 09:33:00.056 точка   Конвейер_20 : FA:  0   0.0   0.0 |  0   0.0,  0   0.0,  0   0.0 | 30   0.0
2007-10-16 09:33:00.056 точка   Конвейер_20 : [P0 ] ct=0, p=NULL, a=NULL, diag= простой | БДН обрыв | БДЗ обрыв |
2007-10-16 09:33:00.056 точка   Путь_4      : FP:  0   0.0   0.0 |  0   0.0,  0   0.0,  0   0.0 | 30   0.0
2007-10-16 09:33:00.056 точка   Путь_4      : FA:  0   0.0   0.0 |  0   0.0,  0   0.0,  0   0.0 | 30   0.0
2007-10-16 09:33:00.056 точка   Путь_4      : [P0 ] ct=0, p=NULL, a=NULL, diag= простой | БДН обрыв | БДЗ обрыв |
2007-10-16 09:33:00.056 точка   Путь_5      : FP:  0   0.0   0.0 |  0   0.0,  0   0.0,  0   0.0 | 30   0.0
2007-10-16 09:33:00.056 точка   Путь_5      : FA:  0   0.0   0.0 |  0   0.0,  0   0.0,  0   0.0 | 30   0.0
2007-10-16 09:33:00.056 точка   Путь_5      : [P0 ] ct=0, p=NULL, a=NULL, diag= простой | БДН обрыв | БДЗ обрыв |
2007-10-16 09:33:00.056 вагоны  Путь_4      : vnp=0, mp=0, np=0,  прибавляем:  NULL   NULL  0.000
2007-10-16 09:33:00.056 вагоны  Путь_4      : до____: 0.000  0.000  0.000 0 1
2007-10-16 09:33:00.056 вагоны  Путь_4      : ничего не прибавили; vnp = 0.
2007-10-16 09:33:00.056 вагоны  Путь_4      : после_: 0.000  0.000  0.000 0 1
2007-10-16 09:33:00.056 вагоны  Путь_5      : vnp=0, mp=0, np=0,  прибавляем:  NULL   NULL  0.000
2007-10-16 09:33:00.056 вагоны  Путь_5      : до____: 0.000  0.000  0.000 0 1
2007-10-16 09:33:00.056 вагоны  Путь_5      : ничего не прибавили; vnp = 0.
2007-10-16 09:33:00.056 вагоны  Путь_5      : после_: 0.000  0.000  0.000 0 1
2007-10-16 09:33:00.056 маршрут На_банку_1  : 0.000  0.000  0.000  0.000
2007-10-16 09:33:00.056 маршрут На_банку_2  : 0.000  0.000  0.000  0.000
2007-10-16 09:33:00.056 маршрут Из_банки_1  : 0.000  0.000  0.000  0.000
2007-10-16 09:33:00.056 маршрут Из_банки_2  : 0.000  0.000  0.000  0.000
2007-10-16 09:33:00.056 ёмкость Банка_1     :  0.000  0.000  0.000 0 1
2007-10-16 09:33:00.056 ёмкость Банка_2     :  0.000  0.000  0.000 0 1
2007-10-16 09:33:04.009 Клиент: 1704; Запрос: perm
2007-10-16 09:33:04.009 Клиент: 1704; Ответ : 0 Слишком много подключений
2007-10-16 09:33:06.587 Клиент: 1704; ip: 127.0.0.1; отключен
2007-10-16 09:33:46.509 Клиент: 1692; ip: 127.0.0.1; подключен
2007-10-16 09:33:54.009 Клиент: 1692; Запрос: perm
2007-10-16 09:33:54.009 Клиент: 1692; Ответ : 0 Слишком много подключений
2007-10-16 09:34:00.056 
2007-10-16 09:34:00.056 точка   Конвейер_20 : FP:  0   0.0   0.0 |  0   0.0,  0   0.0,  0   0.0 | 30   0.0
2007-10-16 09:34:00.056 точка   Конвейер_20 : FA:  0   0.0   0.0 |  0   0.0,  0   0.0,  0   0.0 | 30   0.0
2007-10-16 09:34:00.056 точка   Конвейер_20 : [P0 ] ct=0, p=NULL, a=NULL, diag= простой | БДН обрыв | БДЗ обрыв |
2007-10-16 09:34:00.056 точка   Путь_4      : FP:  0   0.0   0.0 |  0   0.0,  0   0.0,  0   0.0 | 30   0.0
2007-10-16 09:34:00.056 точка   Путь_4      : FA:  0   0.0   0.0 |  0   0.0,  0   0.0,  0   0.0 | 30   0.0
2007-10-16 09:34:00.056 точка   Путь_4      : [P0 ] ct=0, p=NULL, a=NULL, diag= простой | БДН обрыв | БДЗ обрыв |
2007-10-16 09:34:00.056 точка   Путь_5      : FP:  0   0.0   0.0 |  0   0.0,  0   0.0,  0   0.0 | 30   0.0
2007-10-16 09:34:00.056 точка   Путь_5      : FA:  0   0.0   0.0 |  0   0.0,  0   0.0,  0   0.0 | 30   0.0
2007-10-16 09:34:00.056 точка   Путь_5      : [P0 ] ct=0, p=NULL, a=NULL, diag= простой | БДН обрыв | БДЗ обрыв |
2007-10-16 09:34:00.056 вагоны  Путь_4      : vnp=0, mp=0, np=0,  прибавляем:  NULL   NULL  0.000
2007-10-16 09:34:00.056 вагоны  Путь_4      : до____: 0.000  0.000  0.000 0 1
2007-10-16 09:34:00.056 вагоны  Путь_4      : ничего не прибавили; vnp = 0.
2007-10-16 09:34:00.056 вагоны  Путь_4      : после_: 0.000  0.000  0.000 0 1
2007-10-16 09:34:00.056 вагоны  Путь_5      : vnp=0, mp=0, np=0,  прибавляем:  NULL   NULL  0.000
2007-10-16 09:34:00.056 вагоны  Путь_5      : до____: 0.000  0.000  0.000 0 1
2007-10-16 09:34:00.056 вагоны  Путь_5      : ничего не прибавили; vnp = 0.
2007-10-16 09:34:00.056 вагоны  Путь_5      : после_: 0.000  0.000  0.000 0 1
2007-10-16 09:34:00.056 маршрут На_банку_1  : 0.000  0.000  0.000  0.000
2007-10-16 09:34:00.056 маршрут На_банку_2  : 0.000  0.000  0.000  0.000
2007-10-16 09:34:00.056 маршрут Из_банки_1  : 0.000  0.000  0.000  0.000
2007-10-16 09:34:00.056 маршрут Из_банки_2  : 0.000  0.000  0.000  0.000
2007-10-16 09:34:00.072 ёмкость Банка_1     :  0.000  0.000  0.000 0 1
2007-10-16 09:34:00.072 ёмкость Банка_2     :  0.000  0.000  0.000 0 1
2007-10-16 09:34:04.431 Клиент: 1692; ip: 127.0.0.1; отключен
2007-10-16 09:34:10.525 Клиент: 1736; ip: 127.0.0.1; подключен
2007-10-16 09:34:12.009 Клиент: 1736; Запрос: perm
2007-10-16 09:34:12.009 Клиент: 1736; Ответ : 0 Слишком много подключений
2007-10-16 09:34:51.400 Клиент: 1736; ip: 127.0.0.1; отключен
2007-10-16 09:35:00.056 
2007-10-16 09:35:00.056 точка   Конвейер_20 : FP:  0   0.0   0.0 |  0   0.0,  0   0.0,  0   0.0 | 30   0.0
2007-10-16 09:35:00.056 точка   Конвейер_20 : FA:  0   0.0   0.0 |  0   0.0,  0   0.0,  0   0.0 | 30   0.0
2007-10-16 09:35:00.056 точка   Конвейер_20 : [P0 ] ct=0, p=NULL, a=NULL, diag= простой | БДН обрыв | БДЗ обрыв |
2007-10-16 09:35:00.056 точка   Путь_4      : FP:  0   0.0   0.0 |  0   0.0,  0   0.0,  0   0.0 | 30   0.0
2007-10-16 09:35:00.056 точка   Путь_4      : FA:  0   0.0   0.0 |  0   0.0,  0   0.0,  0   0.0 | 30   0.0
2007-10-16 09:35:00.056 точка   Путь_4      : [P0 ] ct=0, p=NULL, a=NULL, diag= простой | БДН обрыв | БДЗ обрыв |
2007-10-16 09:35:00.056 точка   Путь_5      : FP:  0   0.0   0.0 |  0   0.0,  0   0.0,  0   0.0 | 30   0.0
2007-10-16 09:35:00.056 точка   Путь_5      : FA:  0   0.0   0.0 |  0   0.0,  0   0.0,  0   0.0 | 30   0.0
2007-10-16 09:35:00.056 точка   Путь_5      : [P0 ] ct=0, p=NULL, a=NULL, diag= простой | БДН обрыв | БДЗ обрыв |
2007-10-16 09:35:00.056 вагоны  Путь_4      : vnp=0, mp=0, np=0,  прибавляем:  NULL   NULL  0.000
2007-10-16 09:35:00.056 вагоны  Путь_4      : до____: 0.000  0.000  0.000 0 1
2007-10-16 09:35:00.056 вагоны  Путь_4      : ничего не прибавили; vnp = 0.
2007-10-16 09:35:00.056 вагоны  Путь_4      : после_: 0.000  0.000  0.000 0 1
2007-10-16 09:35:00.056 вагоны  Путь_5      : vnp=0, mp=0, np=0,  прибавляем:  NULL   NULL  0.000
2007-10-16 09:35:00.056 вагоны  Путь_5      : до____: 0.000  0.000  0.000 0 1
2007-10-16 09:35:00.056 вагоны  Путь_5      : ничего не прибавили; vnp = 0.
2007-10-16 09:35:00.056 вагоны  Путь_5      : после_: 0.000  0.000  0.000 0 1
2007-10-16 09:35:00.056 маршрут На_банку_1  : 0.000  0.000  0.000  0.000
2007-10-16 09:35:00.056 маршрут На_банку_2  : 0.000  0.000  0.000  0.000
2007-10-16 09:35:00.056 маршрут Из_банки_1  : 0.000  0.000  0.000  0.000
2007-10-16 09:35:00.056 маршрут Из_банки_2  : 0.000  0.000  0.000  0.000
2007-10-16 09:35:00.056 ёмкость Банка_1     :  0.000  0.000  0.000 0 1
2007-10-16 09:35:00.056 ёмкость Банка_2     :  0.000  0.000  0.000 0 1
2007-10-16 09:35:09.618 Клиент: 1708; ip: 127.0.0.1; подключен
2007-10-16 09:35:10.009 Клиент: 1708; Запрос: perm
2007-10-16 09:35:10.009 Клиент: 1708; Ответ : 0 Слишком много подключений
2007-10-16 09:35:25.962 Клиент: 1708; ip: 127.0.0.1; отключен
2007-10-16 09:36:00.056 
2007-10-16 09:36:00.056 точка   Конвейер_20 : FP:  0   0.0   0.0 |  0   0.0,  0   0.0,  0   0.0 | 30   0.0
2007-10-16 09:36:00.056 точка   Конвейер_20 : FA:  0   0.0   0.0 |  0   0.0,  0   0.0,  0   0.0 | 30   0.0
2007-10-16 09:36:00.056 точка   Конвейер_20 : [P0 ] ct=0, p=NULL, a=NULL, diag= простой | БДН обрыв | БДЗ обрыв |
2007-10-16 09:36:00.056 точка   Путь_4      : FP:  0   0.0   0.0 |  0   0.0,  0   0.0,  0   0.0 | 30   0.0
2007-10-16 09:36:00.056 точка   Путь_4      : FA:  0   0.0   0.0 |  0   0.0,  0   0.0,  0   0.0 | 30   0.0
2007-10-16 09:36:00.056 точка   Путь_4      : [P0 ] ct=0, p=NULL, a=NULL, diag= простой | БДН обрыв | БДЗ обрыв |
2007-10-16 09:36:00.056 точка   Путь_5      : FP:  0   0.0   0.0 |  0   0.0,  0   0.0,  0   0.0 | 30   0.0
2007-10-16 09:36:00.056 точка   Путь_5      : FA:  0   0.0   0.0 |  0   0.0,  0   0.0,  0   0.0 | 30   0.0
2007-10-16 09:36:00.056 точка   Путь_5      : [P0 ] ct=0, p=NULL, a=NULL, diag= простой | БДН обрыв | БДЗ обрыв |
2007-10-16 09:36:00.056 вагоны  Путь_4      : vnp=0, mp=0, np=0,  прибавляем:  NULL   NULL  0.000
2007-10-16 09:36:00.056 вагоны  Путь_4      : до____: 0.000  0.000  0.000 0 1
2007-10-16 09:36:00.056 вагоны  Путь_4      : ничего не прибавили; vnp = 0.
2007-10-16 09:36:00.056 вагоны  Путь_4      : после_: 0.000  0.000  0.000 0 1
2007-10-16 09:36:00.056 вагоны  Путь_5      : vnp=0, mp=0, np=0,  прибавляем:  NULL   NULL  0.000
2007-10-16 09:36:00.056 вагоны  Путь_5      : до____: 0.000  0.000  0.000 0 1
2007-10-16 09:36:00.056 вагоны  Путь_5      : ничего не прибавили; vnp = 0.
2007-10-16 09:36:00.056 вагоны  Путь_5      : после_: 0.000  0.000  0.000 0 1
2007-10-16 09:36:00.056 маршрут На_банку_1  : 0.000  0.000  0.000  0.000
2007-10-16 09:36:00.056 маршрут На_банку_2  : 0.000  0.000  0.000  0.000
2007-10-16 09:36:00.056 маршрут Из_банки_1  : 0.000  0.000  0.000  0.000
2007-10-16 09:36:00.056 маршрут Из_банки_2  : 0.000  0.000  0.000  0.000
2007-10-16 09:36:00.056 ёмкость Банка_1     :  0.000  0.000  0.000 0 1
2007-10-16 09:36:00.056 ёмкость Банка_2     :  0.000  0.000  0.000 0 1
2007-10-16 09:37:00.056 
2007-10-16 09:37:00.056 точка   Конвейер_20 : FP:  0   0.0   0.0 |  0   0.0,  0   0.0,  0   0.0 | 30   0.0
2007-10-16 09:37:00.056 точка   Конвейер_20 : FA:  0   0.0   0.0 |  0   0.0,  0   0.0,  0   0.0 | 30   0.0
2007-10-16 09:37:00.056 точка   Конвейер_20 : [P0 ] ct=0, p=NULL, a=NULL, diag= простой | БДН обрыв | БДЗ обрыв |
2007-10-16 09:37:00.056 точка   Путь_4      : FP:  0   0.0   0.0 |  0   0.0,  0   0.0,  0   0.0 | 30   0.0
2007-10-16 09:37:00.056 точка   Путь_4      : FA:  0   0.0   0.0 |  0   0.0,  0   0.0,  0   0.0 | 30   0.0
2007-10-16 09:37:00.056 точка   Путь_4      : [P0 ] ct=0, p=NULL, a=NULL, diag= простой | БДН обрыв | БДЗ обрыв |
2007-10-16 09:37:00.056 точка   Путь_5      : FP:  0   0.0   0.0 |  0   0.0,  0   0.0,  0   0.0 | 30   0.0
2007-10-16 09:37:00.056 точка   Путь_5      : FA:  0   0.0   0.0 |  0   0.0,  0   0.0,  0   0.0 | 30   0.0
2007-10-16 09:37:00.056 точка   Путь_5      : [P0 ] ct=0, p=NULL, a=NULL, diag= простой | БДН обрыв | БДЗ обрыв |
2007-10-16 09:37:00.056 вагоны  Путь_4      : vnp=0, mp=0, np=0,  прибавляем:  NULL   NULL  0.000
2007-10-16 09:37:00.056 вагоны  Путь_4      : до____: 0.000  0.000  0.000 0 1
2007-10-16 09:37:00.056 вагоны  Путь_4      : ничего не прибавили; vnp = 0.
2007-10-16 09:37:00.056 вагоны  Путь_4      : после_: 0.000  0.000  0.000 0 1
2007-10-16 09:37:00.056 вагоны  Путь_5      : vnp=0, mp=0, np=0,  прибавляем:  NULL   NULL  0.000
2007-10-16 09:37:00.056 вагоны  Путь_5      : до____: 0.000  0.000  0.000 0 1
2007-10-16 09:37:00.056 вагоны  Путь_5      : ничего не прибавили; vnp = 0.
2007-10-16 09:37:00.056 вагоны  Путь_5      : после_: 0.000  0.000  0.000 0 1
2007-10-16 09:37:00.056 маршрут На_банку_1  : 0.000  0.000  0.000  0.000
2007-10-16 09:37:00.056 маршрут На_банку_2  : 0.000  0.000  0.000  0.000
2007-10-16 09:37:00.056 маршрут Из_банки_1  : 0.000  0.000  0.000  0.000
2007-10-16 09:37:00.056 маршрут Из_банки_2  : 0.000  0.000  0.000  0.000
2007-10-16 09:37:00.056 ёмкость Банка_1     :  0.000  0.000  0.000 0 1
2007-10-16 09:37:00.056 ёмкость Банка_2     :  0.000  0.000  0.000 0 1
2007-10-16 09:38:00.056 
2007-10-16 09:38:00.056 точка   Конвейер_20 : FP:  0   0.0   0.0 |  0   0.0,  0   0.0,  0   0.0 | 30   0.0
2007-10-16 09:38:00.056 точка   Конвейер_20 : FA:  0   0.0   0.0 |  0   0.0,  0   0.0,  0   0.0 | 30   0.0
2007-10-16 09:38:00.056 точка   Конвейер_20 : [P0 ] ct=0, p=NULL, a=NULL, diag= простой | БДН обрыв | БДЗ обрыв |
2007-10-16 09:38:00.056 точка   Путь_4      : FP:  0   0.0   0.0 |  0   0.0,  0   0.0,  0   0.0 | 30   0.0
2007-10-16 09:38:00.056 точка   Путь_4      : FA:  0   0.0   0.0 |  0   0.0,  0   0.0,  0   0.0 | 30   0.0
2007-10-16 09:38:00.056 точка   Путь_4      : [P0 ] ct=0, p=NULL, a=NULL, diag= простой | БДН обрыв | БДЗ обрыв |
2007-10-16 09:38:00.056 точка   Путь_5      : FP:  0   0.0   0.0 |  0   0.0,  0   0.0,  0   0.0 | 30   0.0
2007-10-16 09:38:00.056 точка   Путь_5      : FA:  0   0.0   0.0 |  0   0.0,  0   0.0,  0   0.0 | 30   0.0
2007-10-16 09:38:00.056 точка   Путь_5      : [P0 ] ct=0, p=NULL, a=NULL, diag= простой | БДН обрыв | БДЗ обрыв |
2007-10-16 09:38:00.056 вагоны  Путь_4      : vnp=0, mp=0, np=0,  прибавляем:  NULL   NULL  0.000
2007-10-16 09:38:00.056 вагоны  Путь_4      : до____: 0.000  0.000  0.000 0 1
2007-10-16 09:38:00.056 вагоны  Путь_4      : ничего не прибавили; vnp = 0.
2007-10-16 09:38:00.056 вагоны  Путь_4      : после_: 0.000  0.000  0.000 0 1
2007-10-16 09:38:00.056 вагоны  Путь_5      : vnp=0, mp=0, np=0,  прибавляем:  NULL   NULL  0.000
2007-10-16 09:38:00.056 вагоны  Путь_5      : до____: 0.000  0.000  0.000 0 1
2007-10-16 09:38:00.056 вагоны  Путь_5      : ничего не прибавили; vnp = 0.
2007-10-16 09:38:00.056 вагоны  Путь_5      : после_: 0.000  0.000  0.000 0 1
2007-10-16 09:38:00.056 маршрут На_банку_1  : 0.000  0.000  0.000  0.000
2007-10-16 09:38:00.056 маршрут На_банку_2  : 0.000  0.000  0.000  0.000
2007-10-16 09:38:00.056 маршрут Из_банки_1  : 0.000  0.000  0.000  0.000
2007-10-16 09:38:00.056 маршрут Из_банки_2  : 0.000  0.000  0.000  0.000
2007-10-16 09:38:00.056 ёмкость Банка_1     :  0.000  0.000  0.000 0 1
2007-10-16 09:38:00.056 ёмкость Банка_2     :  0.000  0.000  0.000 0 1
2007-10-16 09:38:01.072 Клиент: 1692; ip: 127.0.0.1; подключен
2007-10-16 09:38:02.009 Клиент: 1692; Запрос: perm
2007-10-16 09:38:02.009 Клиент: 1692; Ответ : 0 Слишком много подключений
2007-10-16 09:38:06.337 Клиент: 1692; ip: 127.0.0.1; отключен
2007-10-16 09:38:30.384 Клиент: 1704; ip: 127.0.0.1; подключен
2007-10-16 09:38:32.009 Клиент: 1704; Запрос: perm
2007-10-16 09:38:32.009 Клиент: 1704; Ответ : 0 Слишком много подключений
2007-10-16 09:38:46.165 Клиент: 1704; ip: 127.0.0.1; отключен
2007-10-16 09:39:00.056 
2007-10-16 09:39:00.056 точка   Конвейер_20 : FP:  0   0.0   0.0 |  0   0.0,  0   0.0,  0   0.0 | 30   0.0
2007-10-16 09:39:00.056 точка   Конвейер_20 : FA:  0   0.0   0.0 |  0   0.0,  0   0.0,  0   0.0 | 30   0.0
2007-10-16 09:39:00.056 точка   Конвейер_20 : [P0 ] ct=0, p=NULL, a=NULL, diag= простой | БДН обрыв | БДЗ обрыв |
2007-10-16 09:39:00.056 точка   Путь_4      : FP:  0   0.0   0.0 |  0   0.0,  0   0.0,  0   0.0 | 30   0.0
2007-10-16 09:39:00.056 точка   Путь_4      : FA:  0   0.0   0.0 |  0   0.0,  0   0.0,  0   0.0 | 30   0.0
2007-10-16 09:39:00.056 точка   Путь_4      : [P0 ] ct=0, p=NULL, a=NULL, diag= простой | БДН обрыв | БДЗ обрыв |
2007-10-16 09:39:00.056 точка   Путь_5      : FP:  0   0.0   0.0 |  0   0.0,  0   0.0,  0   0.0 | 30   0.0
2007-10-16 09:39:00.056 точка   Путь_5      : FA:  0   0.0   0.0 |  0   0.0,  0   0.0,  0   0.0 | 30   0.0
2007-10-16 09:39:00.056 точка   Путь_5      : [P0 ] ct=0, p=NULL, a=NULL, diag= простой | БДН обрыв | БДЗ обрыв |
2007-10-16 09:39:00.056 вагоны  Путь_4      : vnp=0, mp=0, np=0,  прибавляем:  NULL   NULL  0.000
2007-10-16 09:39:00.056 вагоны  Путь_4      : до____: 0.000  0.000  0.000 0 1
2007-10-16 09:39:00.056 вагоны  Путь_4      : ничего не прибавили; vnp = 0.
2007-10-16 09:39:00.056 вагоны  Путь_4      : после_: 0.000  0.000  0.000 0 1
2007-10-16 09:39:00.056 вагоны  Путь_5      : vnp=0, mp=0, np=0,  прибавляем:  NULL   NULL  0.000
2007-10-16 09:39:00.056 вагоны  Путь_5      : до____: 0.000  0.000  0.000 0 1
2007-10-16 09:39:00.056 вагоны  Путь_5      : ничего не прибавили; vnp = 0.
2007-10-16 09:39:00.056 вагоны  Путь_5      : после_: 0.000  0.000  0.000 0 1
2007-10-16 09:39:00.056 маршрут На_банку_1  : 0.000  0.000  0.000  0.000
2007-10-16 09:39:00.056 маршрут На_банку_2  : 0.000  0.000  0.000  0.000
2007-10-16 09:39:00.056 маршрут Из_банки_1  : 0.000  0.000  0.000  0.000
2007-10-16 09:39:00.056 маршрут Из_банки_2  : 0.000  0.000  0.000  0.000
2007-10-16 09:39:00.072 ёмкость Банка_1     :  0.000  0.000  0.000 0 1
2007-10-16 09:39:00.072 ёмкость Банка_2     :  0.000  0.000  0.000 0 1
2007-10-16 09:40:00.056 
2007-10-16 09:40:00.056 точка   Конвейер_20 : FP:  0   0.0   0.0 |  0   0.0,  0   0.0,  0   0.0 | 30   0.0
2007-10-16 09:40:00.056 точка   Конвейер_20 : FA:  0   0.0   0.0 |  0   0.0,  0   0.0,  0   0.0 | 30   0.0
2007-10-16 09:40:00.056 точка   Конвейер_20 : [P0 ] ct=0, p=NULL, a=NULL, diag= простой | БДН обрыв | БДЗ обрыв |
2007-10-16 09:40:00.056 точка   Путь_4      : FP:  0   0.0   0.0 |  0   0.0,  0   0.0,  0   0.0 | 30   0.0
2007-10-16 09:40:00.056 точка   Путь_4      : FA:  0   0.0   0.0 |  0   0.0,  0   0.0,  0   0.0 | 30   0.0
2007-10-16 09:40:00.056 точка   Путь_4      : [P0 ] ct=0, p=NULL, a=NULL, diag= простой | БДН обрыв | БДЗ обрыв |
2007-10-16 09:40:00.056 точка   Путь_5      : FP:  0   0.0   0.0 |  0   0.0,  0   0.0,  0   0.0 | 30   0.0
2007-10-16 09:40:00.056 точка   Путь_5      : FA:  0   0.0   0.0 |  0   0.0,  0   0.0,  0   0.0 | 30   0.0
2007-10-16 09:40:00.056 точка   Путь_5      : [P0 ] ct=0, p=NULL, a=NULL, diag= простой | БДН обрыв | БДЗ обрыв |
2007-10-16 09:40:00.056 вагоны  Путь_4      : vnp=0, mp=0, np=0,  прибавляем:  NULL   NULL  0.000
2007-10-16 09:40:00.056 вагоны  Путь_4      : до____: 0.000  0.000  0.000 0 1
2007-10-16 09:40:00.056 вагоны  Путь_4      : ничего не прибавили; vnp = 0.
2007-10-16 09:40:00.056 вагоны  Путь_4      : после_: 0.000  0.000  0.000 0 1
2007-10-16 09:40:00.056 вагоны  Путь_5      : vnp=0, mp=0, np=0,  прибавляем:  NULL   NULL  0.000
2007-10-16 09:40:00.056 вагоны  Путь_5      : до____: 0.000  0.000  0.000 0 1
2007-10-16 09:40:00.056 вагоны  Путь_5      : ничего не прибавили; vnp = 0.
2007-10-16 09:40:00.056 вагоны  Путь_5      : после_: 0.000  0.000  0.000 0 1
2007-10-16 09:40:00.072 маршрут На_банку_1  : 0.000  0.000  0.000  0.000
2007-10-16 09:40:00.072 маршрут На_банку_2  : 0.000  0.000  0.000  0.000
2007-10-16 09:40:00.072 маршрут Из_банки_1  : 0.000  0.000  0.000  0.000
2007-10-16 09:40:00.072 маршрут Из_банки_2  : 0.000  0.000  0.000  0.000
2007-10-16 09:40:00.072 ёмкость Банка_1     :  0.000  0.000  0.000 0 1
2007-10-16 09:40:00.072 ёмкость Банка_2     :  0.000  0.000  0.000 0 1
2007-10-16 09:41:00.056 
2007-10-16 09:41:00.056 точка   Конвейер_20 : FP:  0   0.0   0.0 |  0   0.0,  0   0.0,  0   0.0 | 30   0.0
2007-10-16 09:41:00.056 точка   Конвейер_20 : FA:  0   0.0   0.0 |  0   0.0,  0   0.0,  0   0.0 | 30   0.0
2007-10-16 09:41:00.056 точка   Конвейер_20 : [P0 ] ct=0, p=NULL, a=NULL, diag= простой | БДН обрыв | БДЗ обрыв |
2007-10-16 09:41:00.056 точка   Путь_4      : FP:  0   0.0   0.0 |  0   0.0,  0   0.0,  0   0.0 | 30   0.0
2007-10-16 09:41:00.056 точка   Путь_4      : FA:  0   0.0   0.0 |  0   0.0,  0   0.0,  0   0.0 | 30   0.0
2007-10-16 09:41:00.056 точка   Путь_4      : [P0 ] ct=0, p=NULL, a=NULL, diag= простой | БДН обрыв | БДЗ обрыв |
2007-10-16 09:41:00.056 точка   Путь_5      : FP:  0   0.0   0.0 |  0   0.0,  0   0.0,  0   0.0 | 30   0.0
2007-10-16 09:41:00.056 точка   Путь_5      : FA:  0   0.0   0.0 |  0   0.0,  0   0.0,  0   0.0 | 30   0.0
2007-10-16 09:41:00.056 точка   Путь_5      : [P0 ] ct=0, p=NULL, a=NULL, diag= простой | БДН обрыв | БДЗ обрыв |
2007-10-16 09:41:00.056 вагоны  Путь_4      : vnp=0, mp=0, np=0,  прибавляем:  NULL   NULL  0.000
2007-10-16 09:41:00.056 вагоны  Путь_4      : до____: 0.000  0.000  0.000 0 1
2007-10-16 09:41:00.056 вагоны  Путь_4      : ничего не прибавили; vnp = 0.
2007-10-16 09:41:00.056 вагоны  Путь_4      : после_: 0.000  0.000  0.000 0 1
2007-10-16 09:41:00.056 вагоны  Путь_5      : vnp=0, mp=0, np=0,  прибавляем:  NULL   NULL  0.000
2007-10-16 09:41:00.056 вагоны  Путь_5      : до____: 0.000  0.000  0.000 0 1
2007-10-16 09:41:00.056 вагоны  Путь_5      : ничего не прибавили; vnp = 0.
2007-10-16 09:41:00.056 вагоны  Путь_5      : после_: 0.000  0.000  0.000 0 1
2007-10-16 09:41:00.056 маршрут На_банку_1  : 0.000  0.000  0.000  0.000
2007-10-16 09:41:00.056 маршрут На_банку_2  : 0.000  0.000  0.000  0.000
2007-10-16 09:41:00.072 маршрут Из_банки_1  : 0.000  0.000  0.000  0.000
2007-10-16 09:41:00.072 маршрут Из_банки_2  : 0.000  0.000  0.000  0.000
2007-10-16 09:41:00.072 ёмкость Банка_1     :  0.000  0.000  0.000 0 1
2007-10-16 09:41:00.072 ёмкость Банка_2     :  0.000  0.000  0.000 0 1
2007-10-16 09:42:00.056 
2007-10-16 09:42:00.056 точка   Конвейер_20 : FP:  0   0.0   0.0 |  0   0.0,  0   0.0,  0   0.0 | 30   0.0
2007-10-16 09:42:00.056 точка   Конвейер_20 : FA:  0   0.0   0.0 |  0   0.0,  0   0.0,  0   0.0 | 30   0.0
2007-10-16 09:42:00.056 точка   Конвейер_20 : [P0 ] ct=0, p=NULL, a=NULL, diag= простой | БДН обрыв | БДЗ обрыв |
2007-10-16 09:42:00.056 точка   Путь_4      : FP:  0   0.0   0.0 |  0   0.0,  0   0.0,  0   0.0 | 30   0.0
2007-10-16 09:42:00.056 точка   Путь_4      : FA:  0   0.0   0.0 |  0   0.0,  0   0.0,  0   0.0 | 30   0.0
2007-10-16 09:42:00.056 точка   Путь_4      : [P0 ] ct=0, p=NULL, a=NULL, diag= простой | БДН обрыв | БДЗ обрыв |
2007-10-16 09:42:00.056 точка   Путь_5      : FP:  0   0.0   0.0 |  0   0.0,  0   0.0,  0   0.0 | 30   0.0
2007-10-16 09:42:00.056 точка   Путь_5      : FA:  0   0.0   0.0 |  0   0.0,  0   0.0,  0   0.0 | 30   0.0
2007-10-16 09:42:00.056 точка   Путь_5      : [P0 ] ct=0, p=NULL, a=NULL, diag= простой | БДН обрыв | БДЗ обрыв |
2007-10-16 09:42:00.056 вагоны  Путь_4      : vnp=0, mp=0, np=0,  прибавляем:  NULL   NULL  0.000
2007-10-16 09:42:00.056 вагоны  Путь_4      : до____: 0.000  0.000  0.000 0 1
2007-10-16 09:42:00.056 вагоны  Путь_4      : ничего не прибавили; vnp = 0.
2007-10-16 09:42:00.056 вагоны  Путь_4      : после_: 0.000  0.000  0.000 0 1
2007-10-16 09:42:00.056 вагоны  Путь_5      : vnp=0, mp=0, np=0,  прибавляем:  NULL   NULL  0.000
2007-10-16 09:42:00.056 вагоны  Путь_5      : до____: 0.000  0.000  0.000 0 1
2007-10-16 09:42:00.056 вагоны  Путь_5      : ничего не прибавили; vnp = 0.
2007-10-16 09:42:00.056 вагоны  Путь_5      : после_: 0.000  0.000  0.000 0 1
2007-10-16 09:42:00.056 маршрут На_банку_1  : 0.000  0.000  0.000  0.000
2007-10-16 09:42:00.056 маршрут На_банку_2  : 0.000  0.000  0.000  0.000
2007-10-16 09:42:00.056 маршрут Из_банки_1  : 0.000  0.000  0.000  0.000
2007-10-16 09:42:00.056 маршрут Из_банки_2  : 0.000  0.000  0.000  0.000
2007-10-16 09:42:00.056 ёмкость Банка_1     :  0.000  0.000  0.000 0 1
2007-10-16 09:42:00.056 ёмкость Банка_2     :  0.000  0.000  0.000 0 1
2007-10-16 09:42:37.540 Стоп.
