
2007-10-16 09:18:10.712 Старт.
2007-10-16 09:18:11.009 вагоны  Путь_4      : Последний вагон пустой; Грузим в него, id=1.
2007-10-16 09:18:11.009 вагоны  Путь_5      : Последний вагон пустой; Грузим в него, id=2.
2007-10-16 09:18:11.009 Автокоманды:
2007-10-16 09:18:11.009 set debug 3
2007-10-16 09:18:11.009 ok
2007-10-16 09:18:11.009 set minteov 180
2007-10-16 09:18:11.009 ok
2007-10-16 09:18:11.009 set eov 1
2007-10-16 09:18:11.009 ok
2007-10-16 09:18:12.962 Клиент: 1732; ip: 127.0.0.1; подключен
2007-10-16 09:18:14.009 Клиент: 1732; Запрос: perm
2007-10-16 09:18:14.009 Клиент: 1732; Ответ : 0 Слишком много подключений
2007-10-16 09:18:53.243 Клиент: 1732; ip: 127.0.0.1; отключен
2007-10-16 09:19:00.165 
2007-10-16 09:19:00.165 точка   Конвейер_20 : FP:  0   0.0   0.0 |  0   0.0,  0   0.0,  0   0.0 | 24  20.8
2007-10-16 09:19:00.165 точка   Конвейер_20 : FA:  0   0.0   0.0 |  0   0.0,  0   0.0,  0   0.0 |  1 790.0
2007-10-16 09:19:00.165 точка   Конвейер_20 : [P0 ] ct=0, p= 0.00, a=NULL, diag= простой |
2007-10-16 09:19:00.165 точка   Путь_4      : FP:  0   0.0   0.0 |  0   0.0,  0   0.0,  0   0.0 | 24  14.6
2007-10-16 09:19:00.165 точка   Путь_4      : FA:  0   0.0   0.0 |  0   0.0,  0   0.0,  0   0.0 |  1 730.0
2007-10-16 09:19:00.165 точка   Путь_4      : [P0 ] ct=0, p= 0.00, a=NULL, diag= простой |
2007-10-16 09:19:00.165 точка   Путь_5      : FP:  0   0.0   0.0 |  0   0.0,  0   0.0,  0   0.0 | 24  14.6
2007-10-16 09:19:00.165 точка   Путь_5      : FA:  0   0.0   0.0 |  0   0.0,  0   0.0,  0   0.0 |  1 730.0
2007-10-16 09:19:00.181 точка   Путь_5      : [P0 ] ct=0, p= 0.00, a=NULL, diag= простой |
2007-10-16 09:19:00.181 вагоны  Путь_4      : vnp=0, mp=0, np=0,  прибавляем: 0.000   NULL  0.000
2007-10-16 09:19:00.181 вагоны  Путь_4      : до____: 0.000  0.000  0.000 0 1
2007-10-16 09:19:00.181 вагоны  Путь_4      : ничего не прибавили; vnp = 0.
2007-10-16 09:19:00.181 вагоны  Путь_4      : после_: 0.000  0.000  0.000 0 1
2007-10-16 09:19:00.181 вагоны  Путь_5      : vnp=0, mp=0, np=0,  прибавляем: 0.000   NULL  0.000
2007-10-16 09:19:00.181 вагоны  Путь_5      : до____: 0.000  0.000  0.000 0 1
2007-10-16 09:19:00.181 вагоны  Путь_5      : ничего не прибавили; vnp = 0.
2007-10-16 09:19:00.181 вагоны  Путь_5      : после_: 0.000  0.000  0.000 0 1
2007-10-16 09:19:00.181 маршрут На_банку_1  : 0.000  0.000  0.000  0.000
2007-10-16 09:19:00.181 маршрут На_банку_2  : 0.000  0.000  0.000  0.000
2007-10-16 09:19:00.181 маршрут Из_банки_1  : 0.000  0.000  0.000  0.000
2007-10-16 09:19:00.181 маршрут Из_банки_2  : 0.000  0.000  0.000  0.000
2007-10-16 09:19:00.181 ёмкость Банка_1     :  0.000  0.000  0.000 0 1
2007-10-16 09:19:00.181 ёмкость Банка_2     :  0.000  0.000  0.000 0 1
2007-10-16 09:19:06.243 Клиент: 1708; ip: 127.0.0.1; подключен
2007-10-16 09:19:24.009 Клиент: 1708; Запрос: perm
2007-10-16 09:19:24.009 Клиент: 1708; Ответ : 0 Слишком много подключений
2007-10-16 09:19:39.290 Клиент: 1708; ip: 127.0.0.1; отключен
2007-10-16 09:20:00.056 
2007-10-16 09:20:00.056 точка   Конвейер_20 : FP:  0   0.0   0.0 |  0   0.0,  0   0.0,  0   0.0 | 30   0.0
2007-10-16 09:20:00.056 точка   Конвейер_20 : FA:  0   0.0   0.0 |  0   0.0,  0   0.0,  0   0.0 | 30   0.0
2007-10-16 09:20:00.056 точка   Конвейер_20 : [P0 ] ct=0, p=NULL, a=NULL, diag= простой | БДН обрыв | БДЗ обрыв |
2007-10-16 09:20:00.056 точка   Путь_4      : FP:  0   0.0   0.0 |  0   0.0,  0   0.0,  0   0.0 | 30   0.0
2007-10-16 09:20:00.056 точка   Путь_4      : FA:  0   0.0   0.0 |  0   0.0,  0   0.0,  0   0.0 | 30   0.0
2007-10-16 09:20:00.056 точка   Путь_4      : [P0 ] ct=0, p=NULL, a=NULL, diag= простой | БДН обрыв | БДЗ обрыв |
2007-10-16 09:20:00.056 точка   Путь_5      : FP:  0   0.0   0.0 |  0   0.0,  0   0.0,  0   0.0 | 30   0.0
2007-10-16 09:20:00.056 точка   Путь_5      : FA:  0   0.0   0.0 |  0   0.0,  0   0.0,  0   0.0 | 30   0.0
2007-10-16 09:20:00.056 точка   Путь_5      : [P0 ] ct=0, p=NULL, a=NULL, diag= простой | БДН обрыв | БДЗ обрыв |
2007-10-16 09:20:00.056 вагоны  Путь_4      : vnp=0, mp=0, np=0,  прибавляем:  NULL   NULL  0.000
2007-10-16 09:20:00.056 вагоны  Путь_4      : до____: 0.000  0.000  0.000 0 1
2007-10-16 09:20:00.056 вагоны  Путь_4      : ничего не прибавили; vnp = 0.
2007-10-16 09:20:00.056 вагоны  Путь_4      : после_: 0.000  0.000  0.000 0 1
2007-10-16 09:20:00.056 вагоны  Путь_5      : vnp=0, mp=0, np=0,  прибавляем:  NULL   NULL  0.000
2007-10-16 09:20:00.056 вагоны  Путь_5      : до____: 0.000  0.000  0.000 0 1
2007-10-16 09:20:00.056 вагоны  Путь_5      : ничего не прибавили; vnp = 0.
2007-10-16 09:20:00.056 вагоны  Путь_5      : после_: 0.000  0.000  0.000 0 1
2007-10-16 09:20:00.056 маршрут На_банку_1  : 0.000  0.000  0.000  0.000
2007-10-16 09:20:00.056 маршрут На_банку_2  : 0.000  0.000  0.000  0.000
2007-10-16 09:20:00.056 маршрут Из_банки_1  : 0.000  0.000  0.000  0.000
2007-10-16 09:20:00.056 маршрут Из_банки_2  : 0.000  0.000  0.000  0.000
2007-10-16 09:20:00.056 ёмкость Банка_1     :  0.000  0.000  0.000 0 1
2007-10-16 09:20:00.056 ёмкость Банка_2     :  0.000  0.000  0.000 0 1
2007-10-16 09:20:01.197 Клиент: 1712; ip: 127.0.0.1; подключен
2007-10-16 09:20:32.009 Клиент: 1712; Запрос: perm
2007-10-16 09:20:32.009 Клиент: 1712; Ответ : 0 Слишком много подключений
2007-10-16 09:21:00.056 
2007-10-16 09:21:00.056 точка   Конвейер_20 : FP:  0   0.0   0.0 |  0   0.0,  0   0.0,  0   0.0 | 30   0.0
2007-10-16 09:21:00.056 точка   Конвейер_20 : FA:  0   0.0   0.0 |  0   0.0,  0   0.0,  0   0.0 | 30   0.0
2007-10-16 09:21:00.056 точка   Конвейер_20 : [P0 ] ct=0, p=NULL, a=NULL, diag= простой | БДН обрыв | БДЗ обрыв |
2007-10-16 09:21:00.056 точка   Путь_4      : FP:  0   0.0   0.0 |  0   0.0,  0   0.0,  0   0.0 | 30   0.0
2007-10-16 09:21:00.056 точка   Путь_4      : FA:  0   0.0   0.0 |  0   0.0,  0   0.0,  0   0.0 | 30   0.0
2007-10-16 09:21:00.056 точка   Путь_4      : [P0 ] ct=0, p=NULL, a=NULL, diag= простой | БДН обрыв | БДЗ обрыв |
2007-10-16 09:21:00.056 точка   Путь_5      : FP:  0   0.0   0.0 |  0   0.0,  0   0.0,  0   0.0 | 30   0.0
2007-10-16 09:21:00.056 точка   Путь_5      : FA:  0   0.0   0.0 |  0   0.0,  0   0.0,  0   0.0 | 30   0.0
2007-10-16 09:21:00.056 точка   Путь_5      : [P0 ] ct=0, p=NULL, a=NULL, diag= простой | БДН обрыв | БДЗ обрыв |
2007-10-16 09:21:00.056 вагоны  Путь_4      : vnp=0, mp=0, np=0,  прибавляем:  NULL   NULL  0.000
2007-10-16 09:21:00.056 вагоны  Путь_4      : до____: 0.000  0.000  0.000 0 1
2007-10-16 09:21:00.056 вагоны  Путь_4      : ничего не прибавили; vnp = 0.
2007-10-16 09:21:00.056 вагоны  Путь_4      : после_: 0.000  0.000  0.000 0 1
2007-10-16 09:21:00.056 вагоны  Путь_5      : vnp=0, mp=0, np=0,  прибавляем:  NULL   NULL  0.000
2007-10-16 09:21:00.056 вагоны  Путь_5      : до____: 0.000  0.000  0.000 0 1
2007-10-16 09:21:00.056 вагоны  Путь_5      : ничего не прибавили; vnp = 0.
2007-10-16 09:21:00.056 вагоны  Путь_5      : после_: 0.000  0.000  0.000 0 1
2007-10-16 09:21:00.056 маршрут На_банку_1  : 0.000  0.000  0.000  0.000
2007-10-16 09:21:00.056 маршрут На_банку_2  : 0.000  0.000  0.000  0.000
2007-10-16 09:21:00.056 маршрут Из_банки_1  : 0.000  0.000  0.000  0.000
2007-10-16 09:21:00.056 маршрут Из_банки_2  : 0.000  0.000  0.000  0.000
2007-10-16 09:21:00.056 ёмкость Банка_1     :  0.000  0.000  0.000 0 1
2007-10-16 09:21:00.056 ёмкость Банка_2     :  0.000  0.000  0.000 0 1
2007-10-16 09:22:00.056 
2007-10-16 09:22:00.056 точка   Конвейер_20 : FP:  0   0.0   0.0 |  0   0.0,  0   0.0,  0   0.0 | 30   0.0
2007-10-16 09:22:00.056 точка   Конвейер_20 : FA:  0   0.0   0.0 |  0   0.0,  0   0.0,  0   0.0 | 30   0.0
2007-10-16 09:22:00.056 точка   Конвейер_20 : [P0 ] ct=0, p=NULL, a=NULL, diag= простой | БДН обрыв | БДЗ обрыв |
2007-10-16 09:22:00.056 точка   Путь_4      : FP:  0   0.0   0.0 |  0   0.0,  0   0.0,  0   0.0 | 30   0.0
2007-10-16 09:22:00.056 точка   Путь_4      : FA:  0   0.0   0.0 |  0   0.0,  0   0.0,  0   0.0 | 30   0.0
2007-10-16 09:22:00.056 точка   Путь_4      : [P0 ] ct=0, p=NULL, a=NULL, diag= простой | БДН обрыв | БДЗ обрыв |
2007-10-16 09:22:00.056 точка   Путь_5      : FP:  0   0.0   0.0 |  0   0.0,  0   0.0,  0   0.0 | 30   0.0
2007-10-16 09:22:00.056 точка   Путь_5      : FA:  0   0.0   0.0 |  0   0.0,  0   0.0,  0   0.0 | 30   0.0
2007-10-16 09:22:00.056 точка   Путь_5      : [P0 ] ct=0, p=NULL, a=NULL, diag= простой | БДН обрыв | БДЗ обрыв |
2007-10-16 09:22:00.056 вагоны  Путь_4      : vnp=0, mp=0, np=0,  прибавляем:  NULL   NULL  0.000
2007-10-16 09:22:00.056 вагоны  Путь_4      : до____: 0.000  0.000  0.000 0 1
2007-10-16 09:22:00.056 вагоны  Путь_4      : ничего не прибавили; vnp = 0.
2007-10-16 09:22:00.056 вагоны  Путь_4      : после_: 0.000  0.000  0.000 0 1
2007-10-16 09:22:00.056 вагоны  Путь_5      : vnp=0, mp=0, np=0,  прибавляем:  NULL   NULL  0.000
2007-10-16 09:22:00.056 вагоны  Путь_5      : до____: 0.000  0.000  0.000 0 1
2007-10-16 09:22:00.056 вагоны  Путь_5      : ничего не прибавили; vnp = 0.
2007-10-16 09:22:00.056 вагоны  Путь_5      : после_: 0.000  0.000  0.000 0 1
2007-10-16 09:22:00.056 маршрут На_банку_1  : 0.000  0.000  0.000  0.000
2007-10-16 09:22:00.056 маршрут На_банку_2  : 0.000  0.000  0.000  0.000
2007-10-16 09:22:00.056 маршрут Из_банки_1  : 0.000  0.000  0.000  0.000
2007-10-16 09:22:00.056 маршрут Из_банки_2  : 0.000  0.000  0.000  0.000
2007-10-16 09:22:00.056 ёмкость Банка_1     :  0.000  0.000  0.000 0 1
2007-10-16 09:22:00.056 ёмкость Банка_2     :  0.000  0.000  0.000 0 1
2007-10-16 09:22:21.681 Клиент: 1712; ip: 127.0.0.1; отключен
2007-10-16 09:22:33.431 Стоп.
